{"/home/mika/coding/Beast.Mode/Beast.backend/app.js": {"path":"/home/mika/coding/Beast.Mode/Beast.backend/app.js","statementMap":{"0":{"start":{"line":1,"column":28},"end":{"line":1,"column":47}},"1":{"start":{"line":2,"column":28},"end":{"line":2,"column":50}},"2":{"start":{"line":3,"column":28},"end":{"line":3,"column":43}},"3":{"start":{"line":4,"column":28},"end":{"line":4,"column":45}},"4":{"start":{"line":5,"column":28},"end":{"line":5,"column":52}},"5":{"start":{"line":6,"column":28},"end":{"line":6,"column":52}},"6":{"start":{"line":8,"column":28},"end":{"line":8,"column":46}},"7":{"start":{"line":9,"column":28},"end":{"line":9,"column":37}},"8":{"start":{"line":10,"column":28},"end":{"line":10,"column":83}},"9":{"start":{"line":11,"column":28},"end":{"line":11,"column":54}},"10":{"start":{"line":13,"column":28},"end":{"line":13,"column":56}},"11":{"start":{"line":15,"column":28},"end":{"line":15,"column":57}},"12":{"start":{"line":16,"column":28},"end":{"line":16,"column":57}},"13":{"start":{"line":17,"column":28},"end":{"line":17,"column":60}},"14":{"start":{"line":18,"column":28},"end":{"line":18,"column":64}},"15":{"start":{"line":19,"column":28},"end":{"line":19,"column":58}},"16":{"start":{"line":20,"column":28},"end":{"line":20,"column":59}},"17":{"start":{"line":21,"column":28},"end":{"line":21,"column":58}},"18":{"start":{"line":22,"column":28},"end":{"line":22,"column":58}},"19":{"start":{"line":24,"column":0},"end":{"line":24,"column":36}},"20":{"start":{"line":25,"column":0},"end":{"line":25,"column":39}},"21":{"start":{"line":26,"column":0},"end":{"line":28,"column":49}},"22":{"start":{"line":27,"column":16},"end":{"line":27,"column":52}},"23":{"start":{"line":28,"column":20},"end":{"line":28,"column":46}},"24":{"start":{"line":30,"column":0},"end":{"line":30,"column":15}},"25":{"start":{"line":31,"column":0},"end":{"line":31,"column":32}},"26":{"start":{"line":32,"column":0},"end":{"line":32,"column":22}},"27":{"start":{"line":33,"column":0},"end":{"line":33,"column":26}},"28":{"start":{"line":34,"column":0},"end":{"line":34,"column":34}},"29":{"start":{"line":36,"column":0},"end":{"line":39,"column":2}},"30":{"start":{"line":37,"column":2},"end":{"line":37,"column":17}},"31":{"start":{"line":38,"column":2},"end":{"line":38,"column":8}},"32":{"start":{"line":41,"column":0},"end":{"line":41,"column":29}},"33":{"start":{"line":42,"column":0},"end":{"line":42,"column":29}},"34":{"start":{"line":43,"column":0},"end":{"line":43,"column":35}},"35":{"start":{"line":44,"column":0},"end":{"line":44,"column":43}},"36":{"start":{"line":45,"column":0},"end":{"line":45,"column":30}},"37":{"start":{"line":46,"column":0},"end":{"line":46,"column":32}},"38":{"start":{"line":47,"column":0},"end":{"line":47,"column":30}},"39":{"start":{"line":49,"column":0},"end":{"line":49,"column":65}},"40":{"start":{"line":51,"column":0},"end":{"line":51,"column":32}},"41":{"start":{"line":53,"column":0},"end":{"line":53,"column":18}},"42":{"start":{"line":55,"column":0},"end":{"line":57,"column":2}},"43":{"start":{"line":56,"column":2},"end":{"line":56,"column":54}},"44":{"start":{"line":59,"column":0},"end":{"line":59,"column":20}}},"fnMap":{"0":{"name":"(anonymous_0)","decl":{"start":{"line":27,"column":8},"end":{"line":27,"column":9}},"loc":{"start":{"line":27,"column":14},"end":{"line":27,"column":53}},"line":27},"1":{"name":"(anonymous_1)","decl":{"start":{"line":28,"column":9},"end":{"line":28,"column":10}},"loc":{"start":{"line":28,"column":18},"end":{"line":28,"column":48}},"line":28},"2":{"name":"(anonymous_2)","decl":{"start":{"line":36,"column":8},"end":{"line":36,"column":9}},"loc":{"start":{"line":36,"column":37},"end":{"line":39,"column":1}},"line":36},"3":{"name":"(anonymous_3)","decl":{"start":{"line":55,"column":25},"end":{"line":55,"column":26}},"loc":{"start":{"line":55,"column":31},"end":{"line":57,"column":1}},"line":55}},"branchMap":{},"s":{"0":6,"1":6,"2":6,"3":6,"4":6,"5":6,"6":6,"7":6,"8":6,"9":6,"10":6,"11":6,"12":6,"13":6,"14":6,"15":6,"16":6,"17":6,"18":6,"19":6,"20":6,"21":6,"22":6,"23":0,"24":6,"25":6,"26":6,"27":6,"28":6,"29":6,"30":63,"31":63,"32":6,"33":6,"34":6,"35":6,"36":6,"37":6,"38":6,"39":6,"40":6,"41":6,"42":6,"43":1,"44":6},"f":{"0":6,"1":0,"2":63,"3":1},"b":{},"_coverageSchema":"43e27e138ebf9cfc5966b082cf9a028302ed4184","hash":"f7d63c5e06b161db935e696d7d169596b2cbf1e7"}
,"/home/mika/coding/Beast.Mode/Beast.backend/controllers/common.js": {"path":"/home/mika/coding/Beast.Mode/Beast.backend/controllers/common.js","statementMap":{"0":{"start":{"line":1,"column":28},"end":{"line":1,"column":53}},"1":{"start":{"line":2,"column":28},"end":{"line":2,"column":51}},"2":{"start":{"line":3,"column":28},"end":{"line":3,"column":53}},"3":{"start":{"line":5,"column":21},"end":{"line":6,"column":60}},"4":{"start":{"line":5,"column":31},"end":{"line":6,"column":60}},"5":{"start":{"line":6,"column":2},"end":{"line":6,"column":60}},"6":{"start":{"line":8,"column":26},"end":{"line":16,"column":1}},"7":{"start":{"line":9,"column":23},"end":{"line":9,"column":54}},"8":{"start":{"line":10,"column":15},"end":{"line":10,"column":51}},"9":{"start":{"line":12,"column":2},"end":{"line":14,"column":3}},"10":{"start":{"line":13,"column":4},"end":{"line":13,"column":35}},"11":{"start":{"line":15,"column":2},"end":{"line":15,"column":13}},"12":{"start":{"line":18,"column":15},"end":{"line":26,"column":1}},"13":{"start":{"line":19,"column":2},"end":{"line":25,"column":4}},"14":{"start":{"line":28,"column":13},"end":{"line":33,"column":1}},"15":{"start":{"line":29,"column":2},"end":{"line":32,"column":35}},"16":{"start":{"line":35,"column":16},"end":{"line":45,"column":1}},"17":{"start":{"line":36,"column":2},"end":{"line":44,"column":35}},"18":{"start":{"line":47,"column":0},"end":{"line":47,"column":75}}},"fnMap":{"0":{"name":"(anonymous_0)","decl":{"start":{"line":5,"column":21},"end":{"line":5,"column":22}},"loc":{"start":{"line":5,"column":31},"end":{"line":6,"column":60}},"line":5},"1":{"name":"(anonymous_1)","decl":{"start":{"line":5,"column":31},"end":{"line":5,"column":32}},"loc":{"start":{"line":6,"column":2},"end":{"line":6,"column":60}},"line":6},"2":{"name":"(anonymous_2)","decl":{"start":{"line":8,"column":26},"end":{"line":8,"column":27}},"loc":{"start":{"line":8,"column":43},"end":{"line":16,"column":1}},"line":8},"3":{"name":"(anonymous_3)","decl":{"start":{"line":18,"column":15},"end":{"line":18,"column":16}},"loc":{"start":{"line":18,"column":50},"end":{"line":26,"column":1}},"line":18},"4":{"name":"(anonymous_4)","decl":{"start":{"line":28,"column":13},"end":{"line":28,"column":14}},"loc":{"start":{"line":28,"column":45},"end":{"line":33,"column":1}},"line":28},"5":{"name":"(anonymous_5)","decl":{"start":{"line":35,"column":16},"end":{"line":35,"column":17}},"loc":{"start":{"line":35,"column":48},"end":{"line":45,"column":1}},"line":35}},"branchMap":{"0":{"loc":{"start":{"line":12,"column":2},"end":{"line":14,"column":3}},"type":"if","locations":[{"start":{"line":12,"column":2},"end":{"line":14,"column":3}},{"start":{"line":12,"column":2},"end":{"line":14,"column":3}}],"line":12}},"s":{"0":6,"1":6,"2":6,"3":6,"4":306,"5":54,"6":6,"7":22,"8":10,"9":10,"10":1,"11":9,"12":6,"13":6,"14":6,"15":0,"16":6,"17":0,"18":6},"f":{"0":306,"1":54,"2":22,"3":6,"4":0,"5":0},"b":{"0":[1,9]},"_coverageSchema":"43e27e138ebf9cfc5966b082cf9a028302ed4184","hash":"52ba0a67012c195d25b66b2b359f7893acc07845"}
,"/home/mika/coding/Beast.Mode/Beast.backend/controllers/doneworkout.js": {"path":"/home/mika/coding/Beast.Mode/Beast.backend/controllers/doneworkout.js","statementMap":{"0":{"start":{"line":1,"column":44},"end":{"line":1,"column":71}},"1":{"start":{"line":2,"column":44},"end":{"line":2,"column":61}},"2":{"start":{"line":3,"column":44},"end":{"line":3,"column":76}},"3":{"start":{"line":4,"column":44},"end":{"line":4,"column":71}},"4":{"start":{"line":5,"column":44},"end":{"line":5,"column":74}},"5":{"start":{"line":6,"column":44},"end":{"line":6,"column":68}},"6":{"start":{"line":7,"column":44},"end":{"line":7,"column":69}},"7":{"start":{"line":13,"column":44},"end":{"line":13,"column":63}},"8":{"start":{"line":15,"column":0},"end":{"line":18,"column":3}},"9":{"start":{"line":16,"column":23},"end":{"line":16,"column":49}},"10":{"start":{"line":17,"column":2},"end":{"line":17,"column":36}},"11":{"start":{"line":20,"column":0},"end":{"line":23,"column":3}},"12":{"start":{"line":21,"column":15},"end":{"line":21,"column":75}},"13":{"start":{"line":22,"column":2},"end":{"line":22,"column":40}},"14":{"start":{"line":25,"column":0},"end":{"line":28,"column":3}},"15":{"start":{"line":26,"column":22},"end":{"line":26,"column":84}},"16":{"start":{"line":27,"column":2},"end":{"line":27,"column":35}},"17":{"start":{"line":30,"column":0},"end":{"line":45,"column":3}},"18":{"start":{"line":31,"column":15},"end":{"line":31,"column":53}},"19":{"start":{"line":32,"column":28},"end":{"line":32,"column":93}},"20":{"start":{"line":34,"column":2},"end":{"line":42,"column":3}},"21":{"start":{"line":35,"column":25},"end":{"line":39,"column":23}},"22":{"start":{"line":41,"column":4},"end":{"line":41,"column":54}},"23":{"start":{"line":44,"column":2},"end":{"line":44,"column":55}},"24":{"start":{"line":47,"column":0},"end":{"line":86,"column":3}},"25":{"start":{"line":48,"column":15},"end":{"line":48,"column":53}},"26":{"start":{"line":49,"column":2},"end":{"line":49,"column":52}},"27":{"start":{"line":51,"column":29},"end":{"line":51,"column":69}},"28":{"start":{"line":53,"column":2},"end":{"line":70,"column":3}},"29":{"start":{"line":54,"column":16},"end":{"line":60,"column":6}},"30":{"start":{"line":62,"column":4},"end":{"line":69,"column":5}},"31":{"start":{"line":63,"column":6},"end":{"line":68,"column":8}},"32":{"start":{"line":72,"column":23},"end":{"line":76,"column":28}},"33":{"start":{"line":78,"column":23},"end":{"line":83,"column":3}},"34":{"start":{"line":85,"column":2},"end":{"line":85,"column":36}},"35":{"start":{"line":88,"column":0},"end":{"line":99,"column":3}},"36":{"start":{"line":89,"column":15},"end":{"line":89,"column":53}},"37":{"start":{"line":90,"column":22},"end":{"line":90,"column":100}},"38":{"start":{"line":91,"column":27},"end":{"line":91,"column":51}},"39":{"start":{"line":92,"column":30},"end":{"line":92,"column":84}},"40":{"start":{"line":94,"column":2},"end":{"line":94,"column":62}},"41":{"start":{"line":95,"column":2},"end":{"line":95,"column":77}},"42":{"start":{"line":96,"column":2},"end":{"line":96,"column":65}},"43":{"start":{"line":98,"column":2},"end":{"line":98,"column":55}},"44":{"start":{"line":101,"column":0},"end":{"line":117,"column":3}},"45":{"start":{"line":102,"column":15},"end":{"line":102,"column":53}},"46":{"start":{"line":103,"column":29},"end":{"line":103,"column":70}},"47":{"start":{"line":105,"column":2},"end":{"line":107,"column":3}},"48":{"start":{"line":106,"column":4},"end":{"line":106,"column":37}},"49":{"start":{"line":109,"column":2},"end":{"line":114,"column":4}},"50":{"start":{"line":115,"column":2},"end":{"line":115,"column":83}},"51":{"start":{"line":116,"column":2},"end":{"line":116,"column":54}},"52":{"start":{"line":119,"column":0},"end":{"line":135,"column":3}},"53":{"start":{"line":120,"column":15},"end":{"line":120,"column":53}},"54":{"start":{"line":121,"column":29},"end":{"line":121,"column":67}},"55":{"start":{"line":123,"column":2},"end":{"line":125,"column":3}},"56":{"start":{"line":124,"column":4},"end":{"line":124,"column":37}},"57":{"start":{"line":127,"column":2},"end":{"line":127,"column":80}},"58":{"start":{"line":128,"column":2},"end":{"line":132,"column":4}},"59":{"start":{"line":134,"column":2},"end":{"line":134,"column":54}},"60":{"start":{"line":137,"column":0},"end":{"line":150,"column":3}},"61":{"start":{"line":138,"column":15},"end":{"line":138,"column":53}},"62":{"start":{"line":140,"column":22},"end":{"line":140,"column":67}},"63":{"start":{"line":142,"column":30},"end":{"line":145,"column":3}},"64":{"start":{"line":147,"column":27},"end":{"line":147,"column":117}},"65":{"start":{"line":149,"column":2},"end":{"line":149,"column":52}},"66":{"start":{"line":153,"column":0},"end":{"line":153,"column":34}}},"fnMap":{"0":{"name":"(anonymous_0)","decl":{"start":{"line":15,"column":43},"end":{"line":15,"column":44}},"loc":{"start":{"line":15,"column":78},"end":{"line":18,"column":1}},"line":15},"1":{"name":"(anonymous_1)","decl":{"start":{"line":20,"column":46},"end":{"line":20,"column":47}},"loc":{"start":{"line":20,"column":81},"end":{"line":23,"column":1}},"line":20},"2":{"name":"(anonymous_2)","decl":{"start":{"line":25,"column":43},"end":{"line":25,"column":44}},"loc":{"start":{"line":25,"column":78},"end":{"line":28,"column":1}},"line":25},"3":{"name":"(anonymous_3)","decl":{"start":{"line":30,"column":60},"end":{"line":30,"column":61}},"loc":{"start":{"line":30,"column":95},"end":{"line":45,"column":1}},"line":30},"4":{"name":"(anonymous_4)","decl":{"start":{"line":47,"column":55},"end":{"line":47,"column":56}},"loc":{"start":{"line":47,"column":90},"end":{"line":86,"column":1}},"line":47},"5":{"name":"(anonymous_5)","decl":{"start":{"line":88,"column":44},"end":{"line":88,"column":45}},"loc":{"start":{"line":88,"column":79},"end":{"line":99,"column":1}},"line":88},"6":{"name":"(anonymous_6)","decl":{"start":{"line":101,"column":52},"end":{"line":101,"column":53}},"loc":{"start":{"line":101,"column":87},"end":{"line":117,"column":1}},"line":101},"7":{"name":"(anonymous_7)","decl":{"start":{"line":119,"column":49},"end":{"line":119,"column":50}},"loc":{"start":{"line":119,"column":84},"end":{"line":135,"column":1}},"line":119},"8":{"name":"(anonymous_8)","decl":{"start":{"line":137,"column":43},"end":{"line":137,"column":44}},"loc":{"start":{"line":137,"column":78},"end":{"line":150,"column":1}},"line":137}},"branchMap":{"0":{"loc":{"start":{"line":34,"column":2},"end":{"line":42,"column":3}},"type":"if","locations":[{"start":{"line":34,"column":2},"end":{"line":42,"column":3}},{"start":{"line":34,"column":2},"end":{"line":42,"column":3}}],"line":34},"1":{"loc":{"start":{"line":49,"column":25},"end":{"line":49,"column":51}},"type":"binary-expr","locations":[{"start":{"line":49,"column":25},"end":{"line":49,"column":43}},{"start":{"line":49,"column":47},"end":{"line":49,"column":51}}],"line":49},"2":{"loc":{"start":{"line":53,"column":2},"end":{"line":70,"column":3}},"type":"if","locations":[{"start":{"line":53,"column":2},"end":{"line":70,"column":3}},{"start":{"line":53,"column":2},"end":{"line":70,"column":3}}],"line":53},"3":{"loc":{"start":{"line":62,"column":4},"end":{"line":69,"column":5}},"type":"if","locations":[{"start":{"line":62,"column":4},"end":{"line":69,"column":5}},{"start":{"line":62,"column":4},"end":{"line":69,"column":5}}],"line":62},"4":{"loc":{"start":{"line":105,"column":2},"end":{"line":107,"column":3}},"type":"if","locations":[{"start":{"line":105,"column":2},"end":{"line":107,"column":3}},{"start":{"line":105,"column":2},"end":{"line":107,"column":3}}],"line":105},"5":{"loc":{"start":{"line":123,"column":2},"end":{"line":125,"column":3}},"type":"if","locations":[{"start":{"line":123,"column":2},"end":{"line":125,"column":3}},{"start":{"line":123,"column":2},"end":{"line":125,"column":3}}],"line":123}},"s":{"0":6,"1":6,"2":6,"3":6,"4":6,"5":6,"6":6,"7":6,"8":6,"9":4,"10":4,"11":6,"12":0,"13":0,"14":6,"15":1,"16":1,"17":6,"18":1,"19":0,"20":0,"21":0,"22":0,"23":0,"24":6,"25":1,"26":0,"27":0,"28":0,"29":0,"30":0,"31":0,"32":0,"33":0,"34":0,"35":6,"36":2,"37":2,"38":2,"39":2,"40":2,"41":2,"42":2,"43":2,"44":6,"45":0,"46":0,"47":0,"48":0,"49":0,"50":0,"51":0,"52":6,"53":0,"54":0,"55":0,"56":0,"57":0,"58":0,"59":0,"60":6,"61":1,"62":0,"63":0,"64":0,"65":0,"66":6},"f":{"0":4,"1":0,"2":1,"3":1,"4":1,"5":2,"6":0,"7":0,"8":1},"b":{"0":[0,0],"1":[0,0],"2":[0,0],"3":[0,0],"4":[0,0],"5":[0,0]},"_coverageSchema":"43e27e138ebf9cfc5966b082cf9a028302ed4184","hash":"a43ea0ed0f7e78e072f25c4d8a6023ed7abfa0c9"}
,"/home/mika/coding/Beast.Mode/Beast.backend/controllers/image.js": {"path":"/home/mika/coding/Beast.Mode/Beast.backend/controllers/image.js","statementMap":{"0":{"start":{"line":1,"column":44},"end":{"line":1,"column":71}},"1":{"start":{"line":2,"column":44},"end":{"line":2,"column":74}},"2":{"start":{"line":3,"column":44},"end":{"line":3,"column":63}},"3":{"start":{"line":4,"column":44},"end":{"line":4,"column":69}},"4":{"start":{"line":6,"column":0},"end":{"line":19,"column":3}},"5":{"start":{"line":7,"column":2},"end":{"line":9,"column":3}},"6":{"start":{"line":8,"column":4},"end":{"line":8,"column":63}},"7":{"start":{"line":11,"column":2},"end":{"line":11,"column":39}},"8":{"start":{"line":13,"column":2},"end":{"line":14,"column":52}},"9":{"start":{"line":15,"column":22},"end":{"line":15,"column":61}},"10":{"start":{"line":16,"column":19},"end":{"line":16,"column":80}},"11":{"start":{"line":18,"column":2},"end":{"line":18,"column":36}},"12":{"start":{"line":21,"column":0},"end":{"line":21,"column":28}}},"fnMap":{"0":{"name":"(anonymous_0)","decl":{"start":{"line":6,"column":65},"end":{"line":6,"column":66}},"loc":{"start":{"line":6,"column":100},"end":{"line":19,"column":1}},"line":6}},"branchMap":{"0":{"loc":{"start":{"line":7,"column":2},"end":{"line":9,"column":3}},"type":"if","locations":[{"start":{"line":7,"column":2},"end":{"line":9,"column":3}},{"start":{"line":7,"column":2},"end":{"line":9,"column":3}}],"line":7}},"s":{"0":6,"1":6,"2":6,"3":6,"4":6,"5":0,"6":0,"7":0,"8":0,"9":0,"10":0,"11":0,"12":6},"f":{"0":0},"b":{"0":[0,0]},"_coverageSchema":"43e27e138ebf9cfc5966b082cf9a028302ed4184","hash":"72d452a67e1d6542e8e56a3925b0634e6543f1e0"}
,"/home/mika/coding/Beast.Mode/Beast.backend/controllers/login.js": {"path":"/home/mika/coding/Beast.Mode/Beast.backend/controllers/login.js","statementMap":{"0":{"start":{"line":1,"column":44},"end":{"line":1,"column":67}},"1":{"start":{"line":2,"column":44},"end":{"line":2,"column":61}},"2":{"start":{"line":3,"column":44},"end":{"line":3,"column":69}},"3":{"start":{"line":4,"column":44},"end":{"line":4,"column":69}},"4":{"start":{"line":5,"column":44},"end":{"line":5,"column":68}},"5":{"start":{"line":6,"column":44},"end":{"line":6,"column":74}},"6":{"start":{"line":7,"column":44},"end":{"line":7,"column":71}},"7":{"start":{"line":8,"column":44},"end":{"line":8,"column":63}},"8":{"start":{"line":10,"column":0},"end":{"line":48,"column":3}},"9":{"start":{"line":11,"column":15},"end":{"line":11,"column":92}},"10":{"start":{"line":13,"column":26},"end":{"line":14,"column":74}},"11":{"start":{"line":16,"column":2},"end":{"line":18,"column":3}},"12":{"start":{"line":17,"column":4},"end":{"line":17,"column":78}},"13":{"start":{"line":20,"column":23},"end":{"line":23,"column":3}},"14":{"start":{"line":25,"column":16},"end":{"line":25,"column":59}},"15":{"start":{"line":26,"column":2},"end":{"line":26,"column":66}},"16":{"start":{"line":28,"column":32},"end":{"line":31,"column":3}},"17":{"start":{"line":32,"column":2},"end":{"line":32,"column":71}},"18":{"start":{"line":34,"column":15},"end":{"line":45,"column":3}},"19":{"start":{"line":47,"column":2},"end":{"line":47,"column":40}},"20":{"start":{"line":51,"column":0},"end":{"line":65,"column":3}},"21":{"start":{"line":52,"column":2},"end":{"line":54,"column":3}},"22":{"start":{"line":53,"column":4},"end":{"line":53,"column":76}},"23":{"start":{"line":55,"column":15},"end":{"line":55,"column":53}},"24":{"start":{"line":57,"column":2},"end":{"line":57,"column":66}},"25":{"start":{"line":58,"column":32},"end":{"line":61,"column":3}},"26":{"start":{"line":63,"column":2},"end":{"line":63,"column":71}},"27":{"start":{"line":64,"column":2},"end":{"line":64,"column":62}},"28":{"start":{"line":67,"column":0},"end":{"line":67,"column":28}}},"fnMap":{"0":{"name":"(anonymous_0)","decl":{"start":{"line":10,"column":35},"end":{"line":10,"column":36}},"loc":{"start":{"line":10,"column":70},"end":{"line":48,"column":1}},"line":10},"1":{"name":"(anonymous_1)","decl":{"start":{"line":51,"column":43},"end":{"line":51,"column":44}},"loc":{"start":{"line":51,"column":72},"end":{"line":65,"column":1}},"line":51}},"branchMap":{"0":{"loc":{"start":{"line":13,"column":26},"end":{"line":14,"column":74}},"type":"cond-expr","locations":[{"start":{"line":14,"column":4},"end":{"line":14,"column":9}},{"start":{"line":14,"column":12},"end":{"line":14,"column":74}}],"line":13},"1":{"loc":{"start":{"line":16,"column":2},"end":{"line":18,"column":3}},"type":"if","locations":[{"start":{"line":16,"column":2},"end":{"line":18,"column":3}},{"start":{"line":16,"column":2},"end":{"line":18,"column":3}}],"line":16},"2":{"loc":{"start":{"line":16,"column":5},"end":{"line":16,"column":30}},"type":"binary-expr","locations":[{"start":{"line":16,"column":5},"end":{"line":16,"column":10}},{"start":{"line":16,"column":14},"end":{"line":16,"column":30}}],"line":16},"3":{"loc":{"start":{"line":52,"column":2},"end":{"line":54,"column":3}},"type":"if","locations":[{"start":{"line":52,"column":2},"end":{"line":54,"column":3}},{"start":{"line":52,"column":2},"end":{"line":54,"column":3}}],"line":52}},"s":{"0":6,"1":6,"2":6,"3":6,"4":6,"5":6,"6":6,"7":6,"8":6,"9":6,"10":6,"11":6,"12":1,"13":5,"14":5,"15":5,"16":5,"17":5,"18":5,"19":5,"20":6,"21":0,"22":0,"23":0,"24":0,"25":0,"26":0,"27":0,"28":6},"f":{"0":6,"1":0},"b":{"0":[1,5],"1":[1,5],"2":[6,5],"3":[0,0]},"_coverageSchema":"43e27e138ebf9cfc5966b082cf9a028302ed4184","hash":"6956d0b5ba9ffd0f71951ad24329036950a5c473"}
,"/home/mika/coding/Beast.Mode/Beast.backend/controllers/post.js": {"path":"/home/mika/coding/Beast.Mode/Beast.backend/controllers/post.js","statementMap":{"0":{"start":{"line":1,"column":44},"end":{"line":1,"column":71}},"1":{"start":{"line":2,"column":44},"end":{"line":2,"column":69}},"2":{"start":{"line":3,"column":44},"end":{"line":3,"column":74}},"3":{"start":{"line":4,"column":44},"end":{"line":4,"column":68}},"4":{"start":{"line":5,"column":44},"end":{"line":5,"column":69}},"5":{"start":{"line":6,"column":44},"end":{"line":6,"column":61}},"6":{"start":{"line":7,"column":44},"end":{"line":7,"column":71}},"7":{"start":{"line":13,"column":38},"end":{"line":13,"column":57}},"8":{"start":{"line":15,"column":0},"end":{"line":18,"column":3}},"9":{"start":{"line":16,"column":16},"end":{"line":16,"column":52}},"10":{"start":{"line":17,"column":2},"end":{"line":17,"column":29}},"11":{"start":{"line":20,"column":0},"end":{"line":23,"column":3}},"12":{"start":{"line":21,"column":15},"end":{"line":21,"column":68}},"13":{"start":{"line":22,"column":2},"end":{"line":22,"column":40}},"14":{"start":{"line":25,"column":0},"end":{"line":28,"column":3}},"15":{"start":{"line":26,"column":15},"end":{"line":26,"column":70}},"16":{"start":{"line":27,"column":2},"end":{"line":27,"column":28}},"17":{"start":{"line":30,"column":0},"end":{"line":45,"column":3}},"18":{"start":{"line":31,"column":15},"end":{"line":31,"column":53}},"19":{"start":{"line":32,"column":21},"end":{"line":32,"column":79}},"20":{"start":{"line":34,"column":2},"end":{"line":42,"column":3}},"21":{"start":{"line":35,"column":18},"end":{"line":39,"column":23}},"22":{"start":{"line":41,"column":4},"end":{"line":41,"column":47}},"23":{"start":{"line":44,"column":2},"end":{"line":44,"column":48}},"24":{"start":{"line":49,"column":0},"end":{"line":88,"column":3}},"25":{"start":{"line":50,"column":15},"end":{"line":50,"column":53}},"26":{"start":{"line":51,"column":2},"end":{"line":51,"column":52}},"27":{"start":{"line":53,"column":29},"end":{"line":53,"column":69}},"28":{"start":{"line":55,"column":2},"end":{"line":72,"column":3}},"29":{"start":{"line":56,"column":16},"end":{"line":62,"column":6}},"30":{"start":{"line":64,"column":4},"end":{"line":71,"column":5}},"31":{"start":{"line":65,"column":6},"end":{"line":70,"column":8}},"32":{"start":{"line":73,"column":16},"end":{"line":77,"column":28}},"33":{"start":{"line":80,"column":23},"end":{"line":85,"column":3}},"34":{"start":{"line":87,"column":2},"end":{"line":87,"column":36}},"35":{"start":{"line":90,"column":0},"end":{"line":102,"column":3}},"36":{"start":{"line":91,"column":15},"end":{"line":91,"column":53}},"37":{"start":{"line":92,"column":15},"end":{"line":92,"column":53}},"38":{"start":{"line":94,"column":21},"end":{"line":97,"column":3}},"39":{"start":{"line":99,"column":17},"end":{"line":99,"column":91}},"40":{"start":{"line":101,"column":2},"end":{"line":101,"column":30}},"41":{"start":{"line":104,"column":0},"end":{"line":115,"column":3}},"42":{"start":{"line":105,"column":15},"end":{"line":105,"column":53}},"43":{"start":{"line":106,"column":15},"end":{"line":106,"column":86}},"44":{"start":{"line":107,"column":20},"end":{"line":107,"column":37}},"45":{"start":{"line":108,"column":24},"end":{"line":108,"column":71}},"46":{"start":{"line":110,"column":2},"end":{"line":110,"column":64}},"47":{"start":{"line":111,"column":2},"end":{"line":111,"column":52}},"48":{"start":{"line":112,"column":2},"end":{"line":112,"column":49}},"49":{"start":{"line":114,"column":2},"end":{"line":114,"column":49}},"50":{"start":{"line":117,"column":0},"end":{"line":133,"column":3}},"51":{"start":{"line":118,"column":15},"end":{"line":118,"column":53}},"52":{"start":{"line":119,"column":22},"end":{"line":119,"column":56}},"53":{"start":{"line":121,"column":2},"end":{"line":123,"column":3}},"54":{"start":{"line":122,"column":4},"end":{"line":122,"column":37}},"55":{"start":{"line":124,"column":2},"end":{"line":129,"column":4}},"56":{"start":{"line":131,"column":2},"end":{"line":131,"column":73}},"57":{"start":{"line":132,"column":2},"end":{"line":132,"column":35}},"58":{"start":{"line":135,"column":0},"end":{"line":151,"column":3}},"59":{"start":{"line":136,"column":15},"end":{"line":136,"column":53}},"60":{"start":{"line":137,"column":22},"end":{"line":137,"column":53}},"61":{"start":{"line":139,"column":2},"end":{"line":141,"column":3}},"62":{"start":{"line":140,"column":4},"end":{"line":140,"column":37}},"63":{"start":{"line":143,"column":2},"end":{"line":143,"column":70}},"64":{"start":{"line":144,"column":2},"end":{"line":148,"column":4}},"65":{"start":{"line":150,"column":2},"end":{"line":150,"column":35}},"66":{"start":{"line":153,"column":0},"end":{"line":153,"column":27}}},"fnMap":{"0":{"name":"(anonymous_0)","decl":{"start":{"line":15,"column":36},"end":{"line":15,"column":37}},"loc":{"start":{"line":15,"column":71},"end":{"line":18,"column":1}},"line":15},"1":{"name":"(anonymous_1)","decl":{"start":{"line":20,"column":39},"end":{"line":20,"column":40}},"loc":{"start":{"line":20,"column":74},"end":{"line":23,"column":1}},"line":20},"2":{"name":"(anonymous_2)","decl":{"start":{"line":25,"column":36},"end":{"line":25,"column":37}},"loc":{"start":{"line":25,"column":71},"end":{"line":28,"column":1}},"line":25},"3":{"name":"(anonymous_3)","decl":{"start":{"line":30,"column":53},"end":{"line":30,"column":54}},"loc":{"start":{"line":30,"column":88},"end":{"line":45,"column":1}},"line":30},"4":{"name":"(anonymous_4)","decl":{"start":{"line":49,"column":48},"end":{"line":49,"column":49}},"loc":{"start":{"line":49,"column":83},"end":{"line":88,"column":1}},"line":49},"5":{"name":"(anonymous_5)","decl":{"start":{"line":90,"column":36},"end":{"line":90,"column":37}},"loc":{"start":{"line":90,"column":71},"end":{"line":102,"column":1}},"line":90},"6":{"name":"(anonymous_6)","decl":{"start":{"line":104,"column":37},"end":{"line":104,"column":38}},"loc":{"start":{"line":104,"column":72},"end":{"line":115,"column":1}},"line":104},"7":{"name":"(anonymous_7)","decl":{"start":{"line":117,"column":45},"end":{"line":117,"column":46}},"loc":{"start":{"line":117,"column":80},"end":{"line":133,"column":1}},"line":117},"8":{"name":"(anonymous_8)","decl":{"start":{"line":135,"column":42},"end":{"line":135,"column":43}},"loc":{"start":{"line":135,"column":77},"end":{"line":151,"column":1}},"line":135}},"branchMap":{"0":{"loc":{"start":{"line":34,"column":2},"end":{"line":42,"column":3}},"type":"if","locations":[{"start":{"line":34,"column":2},"end":{"line":42,"column":3}},{"start":{"line":34,"column":2},"end":{"line":42,"column":3}}],"line":34},"1":{"loc":{"start":{"line":51,"column":25},"end":{"line":51,"column":51}},"type":"binary-expr","locations":[{"start":{"line":51,"column":25},"end":{"line":51,"column":43}},{"start":{"line":51,"column":47},"end":{"line":51,"column":51}}],"line":51},"2":{"loc":{"start":{"line":55,"column":2},"end":{"line":72,"column":3}},"type":"if","locations":[{"start":{"line":55,"column":2},"end":{"line":72,"column":3}},{"start":{"line":55,"column":2},"end":{"line":72,"column":3}}],"line":55},"3":{"loc":{"start":{"line":64,"column":4},"end":{"line":71,"column":5}},"type":"if","locations":[{"start":{"line":64,"column":4},"end":{"line":71,"column":5}},{"start":{"line":64,"column":4},"end":{"line":71,"column":5}}],"line":64},"4":{"loc":{"start":{"line":121,"column":2},"end":{"line":123,"column":3}},"type":"if","locations":[{"start":{"line":121,"column":2},"end":{"line":123,"column":3}},{"start":{"line":121,"column":2},"end":{"line":123,"column":3}}],"line":121},"5":{"loc":{"start":{"line":139,"column":2},"end":{"line":141,"column":3}},"type":"if","locations":[{"start":{"line":139,"column":2},"end":{"line":141,"column":3}},{"start":{"line":139,"column":2},"end":{"line":141,"column":3}}],"line":139}},"s":{"0":6,"1":6,"2":6,"3":6,"4":6,"5":6,"6":6,"7":6,"8":6,"9":5,"10":5,"11":6,"12":0,"13":0,"14":6,"15":1,"16":1,"17":6,"18":1,"19":0,"20":0,"21":0,"22":0,"23":0,"24":6,"25":1,"26":0,"27":0,"28":0,"29":0,"30":0,"31":0,"32":0,"33":0,"34":0,"35":6,"36":1,"37":1,"38":1,"39":1,"40":1,"41":6,"42":3,"43":2,"44":2,"45":2,"46":2,"47":2,"48":2,"49":2,"50":6,"51":0,"52":0,"53":0,"54":0,"55":0,"56":0,"57":0,"58":6,"59":0,"60":0,"61":0,"62":0,"63":0,"64":0,"65":0,"66":6},"f":{"0":5,"1":0,"2":1,"3":1,"4":1,"5":1,"6":3,"7":0,"8":0},"b":{"0":[0,0],"1":[0,0],"2":[0,0],"3":[0,0],"4":[0,0],"5":[0,0]},"_coverageSchema":"43e27e138ebf9cfc5966b082cf9a028302ed4184","hash":"8429e455301568540eab416d433be67b39c25342"}
,"/home/mika/coding/Beast.Mode/Beast.backend/controllers/reset.js": {"path":"/home/mika/coding/Beast.Mode/Beast.backend/controllers/reset.js","statementMap":{"0":{"start":{"line":1,"column":13},"end":{"line":1,"column":38}},"1":{"start":{"line":2,"column":16},"end":{"line":2,"column":44}},"2":{"start":{"line":3,"column":20},"end":{"line":3,"column":52}},"3":{"start":{"line":4,"column":13},"end":{"line":4,"column":38}},"4":{"start":{"line":5,"column":20},"end":{"line":5,"column":47}},"5":{"start":{"line":9,"column":0},"end":{"line":16,"column":2}},"6":{"start":{"line":10,"column":2},"end":{"line":10,"column":27}},"7":{"start":{"line":11,"column":2},"end":{"line":11,"column":30}},"8":{"start":{"line":12,"column":2},"end":{"line":12,"column":34}},"9":{"start":{"line":13,"column":2},"end":{"line":13,"column":27}},"10":{"start":{"line":15,"column":2},"end":{"line":15,"column":41}},"11":{"start":{"line":18,"column":0},"end":{"line":18,"column":28}}},"fnMap":{"0":{"name":"(anonymous_0)","decl":{"start":{"line":9,"column":21},"end":{"line":9,"column":22}},"loc":{"start":{"line":9,"column":50},"end":{"line":16,"column":1}},"line":9}},"branchMap":{},"s":{"0":6,"1":6,"2":6,"3":6,"4":6,"5":6,"6":0,"7":0,"8":0,"9":0,"10":0,"11":6},"f":{"0":0},"b":{},"_coverageSchema":"43e27e138ebf9cfc5966b082cf9a028302ed4184","hash":"0ef0d3291a2a898a31fc05e27a51befc09afcc71"}
,"/home/mika/coding/Beast.Mode/Beast.backend/controllers/search.js": {"path":"/home/mika/coding/Beast.Mode/Beast.backend/controllers/search.js","statementMap":{"0":{"start":{"line":1,"column":22},"end":{"line":1,"column":49}},"1":{"start":{"line":2,"column":22},"end":{"line":2,"column":45}},"2":{"start":{"line":3,"column":22},"end":{"line":3,"column":47}},"3":{"start":{"line":4,"column":22},"end":{"line":4,"column":47}},"4":{"start":{"line":5,"column":22},"end":{"line":5,"column":47}},"5":{"start":{"line":6,"column":22},"end":{"line":6,"column":50}},"6":{"start":{"line":7,"column":22},"end":{"line":7,"column":54}},"7":{"start":{"line":8,"column":22},"end":{"line":8,"column":46}},"8":{"start":{"line":9,"column":22},"end":{"line":9,"column":47}},"9":{"start":{"line":13,"column":0},"end":{"line":71,"column":2}},"10":{"start":{"line":14,"column":2},"end":{"line":14,"column":91}},"11":{"start":{"line":14,"column":26},"end":{"line":14,"column":91}},"12":{"start":{"line":15,"column":2},"end":{"line":15,"column":97}},"13":{"start":{"line":15,"column":29},"end":{"line":15,"column":97}},"14":{"start":{"line":16,"column":2},"end":{"line":16,"column":82}},"15":{"start":{"line":16,"column":22},"end":{"line":16,"column":82}},"16":{"start":{"line":18,"column":2},"end":{"line":70,"column":3}},"17":{"start":{"line":20,"column":25},"end":{"line":20,"column":71}},"18":{"start":{"line":21,"column":4},"end":{"line":21,"column":87}},"19":{"start":{"line":21,"column":26},"end":{"line":21,"column":87}},"20":{"start":{"line":23,"column":18},"end":{"line":23,"column":20}},"21":{"start":{"line":24,"column":4},"end":{"line":65,"column":5}},"22":{"start":{"line":26,"column":6},"end":{"line":29,"column":9}},"23":{"start":{"line":30,"column":6},"end":{"line":30,"column":11}},"24":{"start":{"line":32,"column":6},"end":{"line":35,"column":9}},"25":{"start":{"line":37,"column":6},"end":{"line":40,"column":9}},"26":{"start":{"line":41,"column":6},"end":{"line":41,"column":11}},"27":{"start":{"line":43,"column":6},"end":{"line":46,"column":9}},"28":{"start":{"line":47,"column":6},"end":{"line":47,"column":11}},"29":{"start":{"line":49,"column":6},"end":{"line":52,"column":9}},"30":{"start":{"line":53,"column":6},"end":{"line":56,"column":10}},"31":{"start":{"line":57,"column":6},"end":{"line":60,"column":10}},"32":{"start":{"line":61,"column":6},"end":{"line":64,"column":10}},"33":{"start":{"line":67,"column":4},"end":{"line":67,"column":45}},"34":{"start":{"line":69,"column":4},"end":{"line":69,"column":15}},"35":{"start":{"line":73,"column":0},"end":{"line":200,"column":2}},"36":{"start":{"line":74,"column":2},"end":{"line":74,"column":91}},"37":{"start":{"line":74,"column":26},"end":{"line":74,"column":91}},"38":{"start":{"line":75,"column":2},"end":{"line":75,"column":97}},"39":{"start":{"line":75,"column":29},"end":{"line":75,"column":97}},"40":{"start":{"line":76,"column":2},"end":{"line":76,"column":82}},"41":{"start":{"line":76,"column":22},"end":{"line":76,"column":82}},"42":{"start":{"line":78,"column":2},"end":{"line":199,"column":3}},"43":{"start":{"line":79,"column":31},"end":{"line":79,"column":71}},"44":{"start":{"line":82,"column":25},"end":{"line":82,"column":71}},"45":{"start":{"line":83,"column":4},"end":{"line":83,"column":87}},"46":{"start":{"line":83,"column":26},"end":{"line":83,"column":87}},"47":{"start":{"line":85,"column":18},"end":{"line":85,"column":20}},"48":{"start":{"line":86,"column":4},"end":{"line":189,"column":5}},"49":{"start":{"line":88,"column":6},"end":{"line":91,"column":9}},"50":{"start":{"line":92,"column":6},"end":{"line":92,"column":11}},"51":{"start":{"line":95,"column":6},"end":{"line":107,"column":7}},"52":{"start":{"line":96,"column":20},"end":{"line":98,"column":10}},"53":{"start":{"line":99,"column":8},"end":{"line":106,"column":9}},"54":{"start":{"line":100,"column":10},"end":{"line":105,"column":12}},"55":{"start":{"line":108,"column":6},"end":{"line":111,"column":70}},"56":{"start":{"line":114,"column":6},"end":{"line":126,"column":7}},"57":{"start":{"line":115,"column":20},"end":{"line":117,"column":10}},"58":{"start":{"line":118,"column":8},"end":{"line":125,"column":9}},"59":{"start":{"line":119,"column":10},"end":{"line":124,"column":12}},"60":{"start":{"line":127,"column":6},"end":{"line":130,"column":71}},"61":{"start":{"line":131,"column":6},"end":{"line":131,"column":11}},"62":{"start":{"line":134,"column":6},"end":{"line":146,"column":7}},"63":{"start":{"line":135,"column":20},"end":{"line":137,"column":10}},"64":{"start":{"line":138,"column":8},"end":{"line":145,"column":9}},"65":{"start":{"line":139,"column":10},"end":{"line":144,"column":12}},"66":{"start":{"line":147,"column":6},"end":{"line":150,"column":71}},"67":{"start":{"line":151,"column":6},"end":{"line":151,"column":11}},"68":{"start":{"line":153,"column":6},"end":{"line":171,"column":7}},"69":{"start":{"line":154,"column":18},"end":{"line":156,"column":10}},"70":{"start":{"line":157,"column":8},"end":{"line":159,"column":11}},"71":{"start":{"line":160,"column":8},"end":{"line":162,"column":11}},"72":{"start":{"line":163,"column":8},"end":{"line":170,"column":9}},"73":{"start":{"line":164,"column":10},"end":{"line":169,"column":12}},"74":{"start":{"line":173,"column":6},"end":{"line":176,"column":9}},"75":{"start":{"line":177,"column":6},"end":{"line":180,"column":10}},"76":{"start":{"line":181,"column":6},"end":{"line":184,"column":72}},"77":{"start":{"line":185,"column":6},"end":{"line":188,"column":72}},"78":{"start":{"line":191,"column":4},"end":{"line":196,"column":6}},"79":{"start":{"line":198,"column":4},"end":{"line":198,"column":15}},"80":{"start":{"line":202,"column":0},"end":{"line":202,"column":29}}},"fnMap":{"0":{"name":"(anonymous_0)","decl":{"start":{"line":13,"column":23},"end":{"line":13,"column":24}},"loc":{"start":{"line":13,"column":58},"end":{"line":71,"column":1}},"line":13},"1":{"name":"(anonymous_1)","decl":{"start":{"line":73,"column":28},"end":{"line":73,"column":29}},"loc":{"start":{"line":73,"column":63},"end":{"line":200,"column":1}},"line":73}},"branchMap":{"0":{"loc":{"start":{"line":14,"column":2},"end":{"line":14,"column":91}},"type":"if","locations":[{"start":{"line":14,"column":2},"end":{"line":14,"column":91}},{"start":{"line":14,"column":2},"end":{"line":14,"column":91}}],"line":14},"1":{"loc":{"start":{"line":15,"column":2},"end":{"line":15,"column":97}},"type":"if","locations":[{"start":{"line":15,"column":2},"end":{"line":15,"column":97}},{"start":{"line":15,"column":2},"end":{"line":15,"column":97}}],"line":15},"2":{"loc":{"start":{"line":16,"column":2},"end":{"line":16,"column":82}},"type":"if","locations":[{"start":{"line":16,"column":2},"end":{"line":16,"column":82}},{"start":{"line":16,"column":2},"end":{"line":16,"column":82}}],"line":16},"3":{"loc":{"start":{"line":21,"column":4},"end":{"line":21,"column":87}},"type":"if","locations":[{"start":{"line":21,"column":4},"end":{"line":21,"column":87}},{"start":{"line":21,"column":4},"end":{"line":21,"column":87}}],"line":21},"4":{"loc":{"start":{"line":24,"column":4},"end":{"line":65,"column":5}},"type":"switch","locations":[{"start":{"line":25,"column":4},"end":{"line":30,"column":11}},{"start":{"line":31,"column":4},"end":{"line":35,"column":9}},{"start":{"line":36,"column":4},"end":{"line":41,"column":11}},{"start":{"line":42,"column":4},"end":{"line":47,"column":11}},{"start":{"line":48,"column":4},"end":{"line":64,"column":10}}],"line":24},"5":{"loc":{"start":{"line":74,"column":2},"end":{"line":74,"column":91}},"type":"if","locations":[{"start":{"line":74,"column":2},"end":{"line":74,"column":91}},{"start":{"line":74,"column":2},"end":{"line":74,"column":91}}],"line":74},"6":{"loc":{"start":{"line":75,"column":2},"end":{"line":75,"column":97}},"type":"if","locations":[{"start":{"line":75,"column":2},"end":{"line":75,"column":97}},{"start":{"line":75,"column":2},"end":{"line":75,"column":97}}],"line":75},"7":{"loc":{"start":{"line":76,"column":2},"end":{"line":76,"column":82}},"type":"if","locations":[{"start":{"line":76,"column":2},"end":{"line":76,"column":82}},{"start":{"line":76,"column":2},"end":{"line":76,"column":82}}],"line":76},"8":{"loc":{"start":{"line":83,"column":4},"end":{"line":83,"column":87}},"type":"if","locations":[{"start":{"line":83,"column":4},"end":{"line":83,"column":87}},{"start":{"line":83,"column":4},"end":{"line":83,"column":87}}],"line":83},"9":{"loc":{"start":{"line":86,"column":4},"end":{"line":189,"column":5}},"type":"switch","locations":[{"start":{"line":87,"column":4},"end":{"line":92,"column":11}},{"start":{"line":94,"column":4},"end":{"line":111,"column":70}},{"start":{"line":113,"column":4},"end":{"line":131,"column":11}},{"start":{"line":133,"column":4},"end":{"line":151,"column":11}},{"start":{"line":152,"column":4},"end":{"line":188,"column":72}}],"line":86},"10":{"loc":{"start":{"line":95,"column":6},"end":{"line":107,"column":7}},"type":"if","locations":[{"start":{"line":95,"column":6},"end":{"line":107,"column":7}},{"start":{"line":95,"column":6},"end":{"line":107,"column":7}}],"line":95},"11":{"loc":{"start":{"line":99,"column":8},"end":{"line":106,"column":9}},"type":"if","locations":[{"start":{"line":99,"column":8},"end":{"line":106,"column":9}},{"start":{"line":99,"column":8},"end":{"line":106,"column":9}}],"line":99},"12":{"loc":{"start":{"line":114,"column":6},"end":{"line":126,"column":7}},"type":"if","locations":[{"start":{"line":114,"column":6},"end":{"line":126,"column":7}},{"start":{"line":114,"column":6},"end":{"line":126,"column":7}}],"line":114},"13":{"loc":{"start":{"line":118,"column":8},"end":{"line":125,"column":9}},"type":"if","locations":[{"start":{"line":118,"column":8},"end":{"line":125,"column":9}},{"start":{"line":118,"column":8},"end":{"line":125,"column":9}}],"line":118},"14":{"loc":{"start":{"line":134,"column":6},"end":{"line":146,"column":7}},"type":"if","locations":[{"start":{"line":134,"column":6},"end":{"line":146,"column":7}},{"start":{"line":134,"column":6},"end":{"line":146,"column":7}}],"line":134},"15":{"loc":{"start":{"line":138,"column":8},"end":{"line":145,"column":9}},"type":"if","locations":[{"start":{"line":138,"column":8},"end":{"line":145,"column":9}},{"start":{"line":138,"column":8},"end":{"line":145,"column":9}}],"line":138},"16":{"loc":{"start":{"line":153,"column":6},"end":{"line":171,"column":7}},"type":"if","locations":[{"start":{"line":153,"column":6},"end":{"line":171,"column":7}},{"start":{"line":153,"column":6},"end":{"line":171,"column":7}}],"line":153},"17":{"loc":{"start":{"line":153,"column":10},"end":{"line":153,"column":115}},"type":"binary-expr","locations":[{"start":{"line":153,"column":10},"end":{"line":153,"column":39}},{"start":{"line":153,"column":43},"end":{"line":153,"column":75}},{"start":{"line":153,"column":79},"end":{"line":153,"column":115}}],"line":153},"18":{"loc":{"start":{"line":163,"column":8},"end":{"line":170,"column":9}},"type":"if","locations":[{"start":{"line":163,"column":8},"end":{"line":170,"column":9}},{"start":{"line":163,"column":8},"end":{"line":170,"column":9}}],"line":163}},"s":{"0":6,"1":6,"2":6,"3":6,"4":6,"5":6,"6":6,"7":6,"8":6,"9":6,"10":7,"11":0,"12":7,"13":0,"14":7,"15":0,"16":7,"17":7,"18":7,"19":0,"20":7,"21":7,"22":1,"23":1,"24":1,"25":2,"26":2,"27":1,"28":1,"29":3,"30":3,"31":3,"32":3,"33":7,"34":0,"35":6,"36":2,"37":0,"38":2,"39":0,"40":2,"41":0,"42":2,"43":2,"44":2,"45":2,"46":0,"47":2,"48":2,"49":0,"50":0,"51":0,"52":0,"53":0,"54":0,"55":0,"56":0,"57":0,"58":0,"59":0,"60":0,"61":0,"62":0,"63":0,"64":0,"65":0,"66":0,"67":0,"68":2,"69":2,"70":2,"71":2,"72":2,"73":0,"74":2,"75":2,"76":2,"77":2,"78":2,"79":0,"80":6},"f":{"0":7,"1":2},"b":{"0":[0,7],"1":[0,7],"2":[0,7],"3":[0,7],"4":[1,1,2,1,3],"5":[0,2],"6":[0,2],"7":[0,2],"8":[0,2],"9":[0,0,0,0,2],"10":[0,0],"11":[0,0],"12":[0,0],"13":[0,0],"14":[0,0],"15":[0,0],"16":[2,0],"17":[2,0,0],"18":[0,2]},"_coverageSchema":"43e27e138ebf9cfc5966b082cf9a028302ed4184","hash":"93ae2cf61fa1e6e8c17dcb800c6125d31711e960"}
,"/home/mika/coding/Beast.Mode/Beast.backend/controllers/user.js": {"path":"/home/mika/coding/Beast.Mode/Beast.backend/controllers/user.js","statementMap":{"0":{"start":{"line":1,"column":44},"end":{"line":1,"column":69}},"1":{"start":{"line":2,"column":44},"end":{"line":2,"column":71}},"2":{"start":{"line":3,"column":44},"end":{"line":3,"column":69}},"3":{"start":{"line":4,"column":44},"end":{"line":4,"column":69}},"4":{"start":{"line":5,"column":44},"end":{"line":5,"column":72}},"5":{"start":{"line":6,"column":44},"end":{"line":6,"column":76}},"6":{"start":{"line":7,"column":44},"end":{"line":7,"column":61}},"7":{"start":{"line":8,"column":44},"end":{"line":8,"column":67}},"8":{"start":{"line":9,"column":44},"end":{"line":9,"column":71}},"9":{"start":{"line":10,"column":44},"end":{"line":10,"column":68}},"10":{"start":{"line":11,"column":44},"end":{"line":11,"column":69}},"11":{"start":{"line":12,"column":44},"end":{"line":12,"column":63}},"12":{"start":{"line":14,"column":0},"end":{"line":17,"column":3}},"13":{"start":{"line":15,"column":16},"end":{"line":15,"column":55}},"14":{"start":{"line":16,"column":2},"end":{"line":16,"column":29}},"15":{"start":{"line":19,"column":0},"end":{"line":23,"column":3}},"16":{"start":{"line":20,"column":16},"end":{"line":20,"column":64}},"17":{"start":{"line":21,"column":24},"end":{"line":21,"column":77}},"18":{"start":{"line":21,"column":44},"end":{"line":21,"column":76}},"19":{"start":{"line":22,"column":2},"end":{"line":22,"column":37}},"20":{"start":{"line":25,"column":0},"end":{"line":28,"column":3}},"21":{"start":{"line":26,"column":15},"end":{"line":26,"column":73}},"22":{"start":{"line":27,"column":2},"end":{"line":27,"column":34}},"23":{"start":{"line":30,"column":0},"end":{"line":34,"column":3}},"24":{"start":{"line":31,"column":15},"end":{"line":31,"column":53}},"25":{"start":{"line":32,"column":19},"end":{"line":32,"column":32}},"26":{"start":{"line":33,"column":2},"end":{"line":33,"column":32}},"27":{"start":{"line":36,"column":0},"end":{"line":39,"column":3}},"28":{"start":{"line":37,"column":16},"end":{"line":37,"column":77}},"29":{"start":{"line":38,"column":2},"end":{"line":38,"column":41}},"30":{"start":{"line":41,"column":0},"end":{"line":44,"column":3}},"31":{"start":{"line":42,"column":19},"end":{"line":42,"column":83}},"32":{"start":{"line":43,"column":2},"end":{"line":43,"column":44}},"33":{"start":{"line":46,"column":0},"end":{"line":49,"column":3}},"34":{"start":{"line":47,"column":23},"end":{"line":47,"column":91}},"35":{"start":{"line":48,"column":2},"end":{"line":48,"column":48}},"36":{"start":{"line":51,"column":0},"end":{"line":64,"column":3}},"37":{"start":{"line":52,"column":21},"end":{"line":52,"column":75}},"38":{"start":{"line":53,"column":2},"end":{"line":61,"column":3}},"39":{"start":{"line":54,"column":18},"end":{"line":58,"column":23}},"40":{"start":{"line":60,"column":4},"end":{"line":60,"column":47}},"41":{"start":{"line":63,"column":2},"end":{"line":63,"column":48}},"42":{"start":{"line":66,"column":0},"end":{"line":79,"column":3}},"43":{"start":{"line":67,"column":24},"end":{"line":67,"column":81}},"44":{"start":{"line":68,"column":2},"end":{"line":76,"column":3}},"45":{"start":{"line":69,"column":21},"end":{"line":73,"column":23}},"46":{"start":{"line":75,"column":4},"end":{"line":75,"column":50}},"47":{"start":{"line":78,"column":2},"end":{"line":78,"column":51}},"48":{"start":{"line":81,"column":0},"end":{"line":94,"column":3}},"49":{"start":{"line":82,"column":28},"end":{"line":82,"column":85}},"50":{"start":{"line":83,"column":2},"end":{"line":91,"column":3}},"51":{"start":{"line":84,"column":25},"end":{"line":88,"column":23}},"52":{"start":{"line":90,"column":4},"end":{"line":90,"column":54}},"53":{"start":{"line":93,"column":2},"end":{"line":93,"column":55}},"54":{"start":{"line":96,"column":0},"end":{"line":137,"column":3}},"55":{"start":{"line":97,"column":15},"end":{"line":97,"column":53}},"56":{"start":{"line":98,"column":29},"end":{"line":98,"column":69}},"57":{"start":{"line":100,"column":2},"end":{"line":117,"column":3}},"58":{"start":{"line":101,"column":16},"end":{"line":107,"column":4}},"59":{"start":{"line":109,"column":2},"end":{"line":116,"column":3}},"60":{"start":{"line":110,"column":4},"end":{"line":115,"column":6}},"61":{"start":{"line":119,"column":2},"end":{"line":119,"column":52}},"62":{"start":{"line":121,"column":16},"end":{"line":127,"column":38}},"63":{"start":{"line":129,"column":23},"end":{"line":134,"column":3}},"64":{"start":{"line":136,"column":2},"end":{"line":136,"column":36}},"65":{"start":{"line":139,"column":0},"end":{"line":180,"column":3}},"66":{"start":{"line":140,"column":15},"end":{"line":140,"column":53}},"67":{"start":{"line":141,"column":29},"end":{"line":141,"column":69}},"68":{"start":{"line":143,"column":2},"end":{"line":160,"column":3}},"69":{"start":{"line":144,"column":16},"end":{"line":150,"column":6}},"70":{"start":{"line":152,"column":4},"end":{"line":159,"column":5}},"71":{"start":{"line":153,"column":6},"end":{"line":158,"column":8}},"72":{"start":{"line":162,"column":2},"end":{"line":162,"column":52}},"73":{"start":{"line":164,"column":19},"end":{"line":170,"column":38}},"74":{"start":{"line":172,"column":23},"end":{"line":177,"column":3}},"75":{"start":{"line":179,"column":2},"end":{"line":179,"column":36}},"76":{"start":{"line":182,"column":0},"end":{"line":224,"column":3}},"77":{"start":{"line":183,"column":15},"end":{"line":183,"column":53}},"78":{"start":{"line":184,"column":29},"end":{"line":184,"column":69}},"79":{"start":{"line":186,"column":2},"end":{"line":203,"column":3}},"80":{"start":{"line":187,"column":16},"end":{"line":193,"column":6}},"81":{"start":{"line":195,"column":4},"end":{"line":202,"column":5}},"82":{"start":{"line":196,"column":6},"end":{"line":201,"column":8}},"83":{"start":{"line":206,"column":2},"end":{"line":206,"column":52}},"84":{"start":{"line":208,"column":23},"end":{"line":214,"column":38}},"85":{"start":{"line":216,"column":23},"end":{"line":221,"column":3}},"86":{"start":{"line":223,"column":2},"end":{"line":223,"column":36}},"87":{"start":{"line":227,"column":0},"end":{"line":259,"column":3}},"88":{"start":{"line":229,"column":22},"end":{"line":232,"column":7}},"89":{"start":{"line":233,"column":4},"end":{"line":235,"column":5}},"90":{"start":{"line":234,"column":6},"end":{"line":234,"column":68}},"91":{"start":{"line":237,"column":23},"end":{"line":237,"column":25}},"92":{"start":{"line":238,"column":19},"end":{"line":238,"column":71}},"93":{"start":{"line":239,"column":17},"end":{"line":255,"column":6}},"94":{"start":{"line":257,"column":22},"end":{"line":257,"column":39}},"95":{"start":{"line":258,"column":4},"end":{"line":258,"column":47}},"96":{"start":{"line":261,"column":0},"end":{"line":276,"column":3}},"97":{"start":{"line":262,"column":17},"end":{"line":262,"column":55}},"98":{"start":{"line":263,"column":22},"end":{"line":263,"column":65}},"99":{"start":{"line":265,"column":4},"end":{"line":268,"column":5}},"100":{"start":{"line":266,"column":6},"end":{"line":266,"column":54}},"101":{"start":{"line":267,"column":6},"end":{"line":267,"column":59}},"102":{"start":{"line":270,"column":24},"end":{"line":270,"column":41}},"103":{"start":{"line":271,"column":4},"end":{"line":271,"column":26}},"104":{"start":{"line":273,"column":4},"end":{"line":273,"column":49}},"105":{"start":{"line":274,"column":4},"end":{"line":274,"column":66}},"106":{"start":{"line":275,"column":4},"end":{"line":275,"column":37}},"107":{"start":{"line":278,"column":0},"end":{"line":290,"column":3}},"108":{"start":{"line":279,"column":17},"end":{"line":279,"column":55}},"109":{"start":{"line":281,"column":4},"end":{"line":283,"column":5}},"110":{"start":{"line":282,"column":6},"end":{"line":282,"column":77}},"111":{"start":{"line":285,"column":4},"end":{"line":285,"column":100}},"112":{"start":{"line":286,"column":4},"end":{"line":286,"column":100}},"113":{"start":{"line":287,"column":24},"end":{"line":287,"column":52}},"114":{"start":{"line":289,"column":4},"end":{"line":289,"column":37}},"115":{"start":{"line":292,"column":0},"end":{"line":312,"column":3}},"116":{"start":{"line":293,"column":17},"end":{"line":293,"column":55}},"117":{"start":{"line":295,"column":4},"end":{"line":297,"column":5}},"118":{"start":{"line":296,"column":6},"end":{"line":296,"column":39}},"119":{"start":{"line":299,"column":22},"end":{"line":300,"column":57}},"120":{"start":{"line":302,"column":25},"end":{"line":308,"column":5}},"121":{"start":{"line":310,"column":24},"end":{"line":310,"column":90}},"122":{"start":{"line":311,"column":4},"end":{"line":311,"column":37}},"123":{"start":{"line":314,"column":0},"end":{"line":314,"column":27}}},"fnMap":{"0":{"name":"(anonymous_0)","decl":{"start":{"line":14,"column":36},"end":{"line":14,"column":37}},"loc":{"start":{"line":14,"column":71},"end":{"line":17,"column":1}},"line":14},"1":{"name":"(anonymous_1)","decl":{"start":{"line":19,"column":40},"end":{"line":19,"column":41}},"loc":{"start":{"line":19,"column":75},"end":{"line":23,"column":1}},"line":19},"2":{"name":"(anonymous_2)","decl":{"start":{"line":21,"column":34},"end":{"line":21,"column":35}},"loc":{"start":{"line":21,"column":44},"end":{"line":21,"column":76}},"line":21},"3":{"name":"(anonymous_3)","decl":{"start":{"line":25,"column":36},"end":{"line":25,"column":37}},"loc":{"start":{"line":25,"column":71},"end":{"line":28,"column":1}},"line":25},"4":{"name":"(anonymous_4)","decl":{"start":{"line":30,"column":41},"end":{"line":30,"column":42}},"loc":{"start":{"line":30,"column":76},"end":{"line":34,"column":1}},"line":30},"5":{"name":"(anonymous_5)","decl":{"start":{"line":36,"column":42},"end":{"line":36,"column":43}},"loc":{"start":{"line":36,"column":77},"end":{"line":39,"column":1}},"line":36},"6":{"name":"(anonymous_6)","decl":{"start":{"line":41,"column":45},"end":{"line":41,"column":46}},"loc":{"start":{"line":41,"column":80},"end":{"line":44,"column":1}},"line":41},"7":{"name":"(anonymous_7)","decl":{"start":{"line":46,"column":49},"end":{"line":46,"column":50}},"loc":{"start":{"line":46,"column":84},"end":{"line":49,"column":1}},"line":46},"8":{"name":"(anonymous_8)","decl":{"start":{"line":51,"column":53},"end":{"line":51,"column":54}},"loc":{"start":{"line":51,"column":88},"end":{"line":64,"column":1}},"line":51},"9":{"name":"(anonymous_9)","decl":{"start":{"line":66,"column":56},"end":{"line":66,"column":57}},"loc":{"start":{"line":66,"column":91},"end":{"line":79,"column":1}},"line":66},"10":{"name":"(anonymous_10)","decl":{"start":{"line":81,"column":60},"end":{"line":81,"column":61}},"loc":{"start":{"line":81,"column":95},"end":{"line":94,"column":1}},"line":81},"11":{"name":"(anonymous_11)","decl":{"start":{"line":96,"column":48},"end":{"line":96,"column":49}},"loc":{"start":{"line":96,"column":83},"end":{"line":137,"column":1}},"line":96},"12":{"name":"(anonymous_12)","decl":{"start":{"line":139,"column":51},"end":{"line":139,"column":52}},"loc":{"start":{"line":139,"column":86},"end":{"line":180,"column":1}},"line":139},"13":{"name":"(anonymous_13)","decl":{"start":{"line":182,"column":55},"end":{"line":182,"column":56}},"loc":{"start":{"line":182,"column":90},"end":{"line":224,"column":1}},"line":182},"14":{"name":"(anonymous_14)","decl":{"start":{"line":227,"column":37},"end":{"line":227,"column":38}},"loc":{"start":{"line":227,"column":72},"end":{"line":259,"column":1}},"line":227},"15":{"name":"(anonymous_15)","decl":{"start":{"line":261,"column":43},"end":{"line":261,"column":44}},"loc":{"start":{"line":261,"column":78},"end":{"line":276,"column":1}},"line":261},"16":{"name":"(anonymous_16)","decl":{"start":{"line":278,"column":46},"end":{"line":278,"column":47}},"loc":{"start":{"line":278,"column":81},"end":{"line":290,"column":1}},"line":278},"17":{"name":"(anonymous_17)","decl":{"start":{"line":292,"column":35},"end":{"line":292,"column":36}},"loc":{"start":{"line":292,"column":70},"end":{"line":312,"column":1}},"line":292}},"branchMap":{"0":{"loc":{"start":{"line":53,"column":2},"end":{"line":61,"column":3}},"type":"if","locations":[{"start":{"line":53,"column":2},"end":{"line":61,"column":3}},{"start":{"line":53,"column":2},"end":{"line":61,"column":3}}],"line":53},"1":{"loc":{"start":{"line":68,"column":2},"end":{"line":76,"column":3}},"type":"if","locations":[{"start":{"line":68,"column":2},"end":{"line":76,"column":3}},{"start":{"line":68,"column":2},"end":{"line":76,"column":3}}],"line":68},"2":{"loc":{"start":{"line":83,"column":2},"end":{"line":91,"column":3}},"type":"if","locations":[{"start":{"line":83,"column":2},"end":{"line":91,"column":3}},{"start":{"line":83,"column":2},"end":{"line":91,"column":3}}],"line":83},"3":{"loc":{"start":{"line":100,"column":2},"end":{"line":117,"column":3}},"type":"if","locations":[{"start":{"line":100,"column":2},"end":{"line":117,"column":3}},{"start":{"line":100,"column":2},"end":{"line":117,"column":3}}],"line":100},"4":{"loc":{"start":{"line":109,"column":2},"end":{"line":116,"column":3}},"type":"if","locations":[{"start":{"line":109,"column":2},"end":{"line":116,"column":3}},{"start":{"line":109,"column":2},"end":{"line":116,"column":3}}],"line":109},"5":{"loc":{"start":{"line":119,"column":25},"end":{"line":119,"column":51}},"type":"binary-expr","locations":[{"start":{"line":119,"column":25},"end":{"line":119,"column":43}},{"start":{"line":119,"column":47},"end":{"line":119,"column":51}}],"line":119},"6":{"loc":{"start":{"line":143,"column":2},"end":{"line":160,"column":3}},"type":"if","locations":[{"start":{"line":143,"column":2},"end":{"line":160,"column":3}},{"start":{"line":143,"column":2},"end":{"line":160,"column":3}}],"line":143},"7":{"loc":{"start":{"line":152,"column":4},"end":{"line":159,"column":5}},"type":"if","locations":[{"start":{"line":152,"column":4},"end":{"line":159,"column":5}},{"start":{"line":152,"column":4},"end":{"line":159,"column":5}}],"line":152},"8":{"loc":{"start":{"line":162,"column":25},"end":{"line":162,"column":51}},"type":"binary-expr","locations":[{"start":{"line":162,"column":25},"end":{"line":162,"column":43}},{"start":{"line":162,"column":47},"end":{"line":162,"column":51}}],"line":162},"9":{"loc":{"start":{"line":186,"column":2},"end":{"line":203,"column":3}},"type":"if","locations":[{"start":{"line":186,"column":2},"end":{"line":203,"column":3}},{"start":{"line":186,"column":2},"end":{"line":203,"column":3}}],"line":186},"10":{"loc":{"start":{"line":195,"column":4},"end":{"line":202,"column":5}},"type":"if","locations":[{"start":{"line":195,"column":4},"end":{"line":202,"column":5}},{"start":{"line":195,"column":4},"end":{"line":202,"column":5}}],"line":195},"11":{"loc":{"start":{"line":206,"column":25},"end":{"line":206,"column":51}},"type":"binary-expr","locations":[{"start":{"line":206,"column":25},"end":{"line":206,"column":43}},{"start":{"line":206,"column":47},"end":{"line":206,"column":51}}],"line":206},"12":{"loc":{"start":{"line":233,"column":4},"end":{"line":235,"column":5}},"type":"if","locations":[{"start":{"line":233,"column":4},"end":{"line":235,"column":5}},{"start":{"line":233,"column":4},"end":{"line":235,"column":5}}],"line":233},"13":{"loc":{"start":{"line":244,"column":12},"end":{"line":244,"column":35}},"type":"binary-expr","locations":[{"start":{"line":244,"column":12},"end":{"line":244,"column":29}},{"start":{"line":244,"column":33},"end":{"line":244,"column":35}}],"line":244},"14":{"loc":{"start":{"line":245,"column":11},"end":{"line":245,"column":32}},"type":"binary-expr","locations":[{"start":{"line":245,"column":11},"end":{"line":245,"column":27}},{"start":{"line":245,"column":31},"end":{"line":245,"column":32}}],"line":245},"15":{"loc":{"start":{"line":265,"column":4},"end":{"line":268,"column":5}},"type":"if","locations":[{"start":{"line":265,"column":4},"end":{"line":268,"column":5}},{"start":{"line":265,"column":4},"end":{"line":268,"column":5}}],"line":265},"16":{"loc":{"start":{"line":281,"column":4},"end":{"line":283,"column":5}},"type":"if","locations":[{"start":{"line":281,"column":4},"end":{"line":283,"column":5}},{"start":{"line":281,"column":4},"end":{"line":283,"column":5}}],"line":281},"17":{"loc":{"start":{"line":295,"column":4},"end":{"line":297,"column":5}},"type":"if","locations":[{"start":{"line":295,"column":4},"end":{"line":297,"column":5}},{"start":{"line":295,"column":4},"end":{"line":297,"column":5}}],"line":295},"18":{"loc":{"start":{"line":299,"column":22},"end":{"line":300,"column":57}},"type":"cond-expr","locations":[{"start":{"line":300,"column":6},"end":{"line":300,"column":50}},{"start":{"line":300,"column":53},"end":{"line":300,"column":57}}],"line":299},"19":{"loc":{"start":{"line":304,"column":20},"end":{"line":304,"column":80}},"type":"cond-expr","locations":[{"start":{"line":304,"column":51},"end":{"line":304,"column":60}},{"start":{"line":304,"column":63},"end":{"line":304,"column":80}}],"line":304},"20":{"loc":{"start":{"line":305,"column":15},"end":{"line":305,"column":69}},"type":"cond-expr","locations":[{"start":{"line":305,"column":36},"end":{"line":305,"column":54}},{"start":{"line":305,"column":57},"end":{"line":305,"column":69}}],"line":305},"21":{"loc":{"start":{"line":306,"column":12},"end":{"line":306,"column":61}},"type":"cond-expr","locations":[{"start":{"line":306,"column":32},"end":{"line":306,"column":49}},{"start":{"line":306,"column":52},"end":{"line":306,"column":61}}],"line":306},"22":{"loc":{"start":{"line":307,"column":13},"end":{"line":307,"column":65}},"type":"cond-expr","locations":[{"start":{"line":307,"column":34},"end":{"line":307,"column":52}},{"start":{"line":307,"column":55},"end":{"line":307,"column":65}}],"line":307}},"s":{"0":6,"1":6,"2":6,"3":6,"4":6,"5":6,"6":6,"7":6,"8":6,"9":6,"10":6,"11":6,"12":6,"13":4,"14":4,"15":6,"16":0,"17":0,"18":0,"19":0,"20":6,"21":2,"22":1,"23":6,"24":0,"25":0,"26":0,"27":6,"28":1,"29":0,"30":6,"31":1,"32":0,"33":6,"34":0,"35":0,"36":6,"37":0,"38":0,"39":0,"40":0,"41":0,"42":6,"43":0,"44":0,"45":0,"46":0,"47":0,"48":6,"49":0,"50":0,"51":0,"52":0,"53":0,"54":6,"55":0,"56":0,"57":0,"58":0,"59":0,"60":0,"61":0,"62":0,"63":0,"64":0,"65":6,"66":1,"67":0,"68":0,"69":0,"70":0,"71":0,"72":0,"73":0,"74":0,"75":0,"76":6,"77":1,"78":0,"79":0,"80":0,"81":0,"82":0,"83":0,"84":0,"85":0,"86":0,"87":6,"88":1,"89":1,"90":0,"91":1,"92":1,"93":1,"94":1,"95":1,"96":6,"97":2,"98":0,"99":0,"100":0,"101":0,"102":0,"103":0,"104":0,"105":0,"106":0,"107":6,"108":1,"109":0,"110":0,"111":0,"112":0,"113":0,"114":0,"115":6,"116":1,"117":1,"118":0,"119":1,"120":1,"121":1,"122":1,"123":6},"f":{"0":4,"1":0,"2":0,"3":2,"4":0,"5":1,"6":1,"7":0,"8":0,"9":0,"10":0,"11":0,"12":1,"13":1,"14":1,"15":2,"16":1,"17":1},"b":{"0":[0,0],"1":[0,0],"2":[0,0],"3":[0,0],"4":[0,0],"5":[0,0],"6":[0,0],"7":[0,0],"8":[0,0],"9":[0,0],"10":[0,0],"11":[0,0],"12":[0,1],"13":[1,0],"14":[1,1],"15":[0,0],"16":[0,0],"17":[0,1],"18":[1,0],"19":[1,0],"20":[0,1],"21":[1,0],"22":[0,1]},"_coverageSchema":"43e27e138ebf9cfc5966b082cf9a028302ed4184","hash":"00bdaa0bf4600d0b20e50d40665a0c7823a4586f"}
,"/home/mika/coding/Beast.Mode/Beast.backend/controllers/workout.js": {"path":"/home/mika/coding/Beast.Mode/Beast.backend/controllers/workout.js","statementMap":{"0":{"start":{"line":1,"column":44},"end":{"line":1,"column":71}},"1":{"start":{"line":2,"column":44},"end":{"line":2,"column":72}},"2":{"start":{"line":3,"column":44},"end":{"line":3,"column":74}},"3":{"start":{"line":4,"column":44},"end":{"line":4,"column":71}},"4":{"start":{"line":5,"column":44},"end":{"line":5,"column":68}},"5":{"start":{"line":6,"column":44},"end":{"line":6,"column":69}},"6":{"start":{"line":12,"column":38},"end":{"line":12,"column":57}},"7":{"start":{"line":14,"column":0},"end":{"line":17,"column":3}},"8":{"start":{"line":15,"column":19},"end":{"line":15,"column":58}},"9":{"start":{"line":16,"column":2},"end":{"line":16,"column":32}},"10":{"start":{"line":19,"column":0},"end":{"line":30,"column":3}},"11":{"start":{"line":20,"column":19},"end":{"line":28,"column":28}},"12":{"start":{"line":29,"column":2},"end":{"line":29,"column":32}},"13":{"start":{"line":32,"column":0},"end":{"line":35,"column":3}},"14":{"start":{"line":33,"column":19},"end":{"line":33,"column":84}},"15":{"start":{"line":34,"column":2},"end":{"line":34,"column":32}},"16":{"start":{"line":37,"column":0},"end":{"line":40,"column":3}},"17":{"start":{"line":38,"column":19},"end":{"line":38,"column":92}},"18":{"start":{"line":39,"column":2},"end":{"line":39,"column":32}},"19":{"start":{"line":42,"column":0},"end":{"line":45,"column":3}},"20":{"start":{"line":43,"column":15},"end":{"line":43,"column":71}},"21":{"start":{"line":44,"column":2},"end":{"line":44,"column":40}},"22":{"start":{"line":47,"column":0},"end":{"line":53,"column":3}},"23":{"start":{"line":48,"column":15},"end":{"line":48,"column":53}},"24":{"start":{"line":50,"column":21},"end":{"line":51,"column":40}},"25":{"start":{"line":52,"column":4},"end":{"line":52,"column":34}},"26":{"start":{"line":55,"column":0},"end":{"line":70,"column":3}},"27":{"start":{"line":56,"column":15},"end":{"line":56,"column":53}},"28":{"start":{"line":57,"column":24},"end":{"line":57,"column":85}},"29":{"start":{"line":59,"column":2},"end":{"line":67,"column":3}},"30":{"start":{"line":60,"column":21},"end":{"line":64,"column":23}},"31":{"start":{"line":66,"column":4},"end":{"line":66,"column":50}},"32":{"start":{"line":69,"column":2},"end":{"line":69,"column":51}},"33":{"start":{"line":72,"column":0},"end":{"line":111,"column":3}},"34":{"start":{"line":73,"column":15},"end":{"line":73,"column":47}},"35":{"start":{"line":74,"column":29},"end":{"line":74,"column":69}},"36":{"start":{"line":76,"column":2},"end":{"line":93,"column":3}},"37":{"start":{"line":77,"column":16},"end":{"line":83,"column":6}},"38":{"start":{"line":85,"column":4},"end":{"line":92,"column":5}},"39":{"start":{"line":86,"column":6},"end":{"line":91,"column":8}},"40":{"start":{"line":95,"column":19},"end":{"line":101,"column":38}},"41":{"start":{"line":103,"column":23},"end":{"line":108,"column":3}},"42":{"start":{"line":110,"column":2},"end":{"line":110,"column":36}},"43":{"start":{"line":113,"column":0},"end":{"line":116,"column":3}},"44":{"start":{"line":114,"column":18},"end":{"line":114,"column":76}},"45":{"start":{"line":115,"column":2},"end":{"line":115,"column":31}},"46":{"start":{"line":118,"column":0},"end":{"line":133,"column":3}},"47":{"start":{"line":119,"column":2},"end":{"line":121,"column":3}},"48":{"start":{"line":120,"column":4},"end":{"line":120,"column":59}},"49":{"start":{"line":122,"column":2},"end":{"line":122,"column":40}},"50":{"start":{"line":123,"column":18},"end":{"line":123,"column":59}},"51":{"start":{"line":125,"column":24},"end":{"line":128,"column":3}},"52":{"start":{"line":130,"column":17},"end":{"line":130,"column":97}},"53":{"start":{"line":132,"column":2},"end":{"line":132,"column":42}},"54":{"start":{"line":135,"column":0},"end":{"line":150,"column":3}},"55":{"start":{"line":136,"column":2},"end":{"line":138,"column":3}},"56":{"start":{"line":137,"column":4},"end":{"line":137,"column":72}},"57":{"start":{"line":140,"column":15},"end":{"line":140,"column":53}},"58":{"start":{"line":141,"column":18},"end":{"line":141,"column":86}},"59":{"start":{"line":142,"column":23},"end":{"line":142,"column":43}},"60":{"start":{"line":143,"column":26},"end":{"line":143,"column":76}},"61":{"start":{"line":145,"column":2},"end":{"line":145,"column":54}},"62":{"start":{"line":146,"column":2},"end":{"line":146,"column":69}},"63":{"start":{"line":147,"column":2},"end":{"line":147,"column":57}},"64":{"start":{"line":149,"column":2},"end":{"line":149,"column":51}},"65":{"start":{"line":153,"column":0},"end":{"line":163,"column":3}},"66":{"start":{"line":154,"column":15},"end":{"line":154,"column":53}},"67":{"start":{"line":155,"column":25},"end":{"line":155,"column":62}},"68":{"start":{"line":157,"column":2},"end":{"line":159,"column":3}},"69":{"start":{"line":158,"column":4},"end":{"line":158,"column":37}},"70":{"start":{"line":161,"column":2},"end":{"line":161,"column":68}},"71":{"start":{"line":162,"column":2},"end":{"line":162,"column":50}},"72":{"start":{"line":165,"column":0},"end":{"line":180,"column":3}},"73":{"start":{"line":166,"column":15},"end":{"line":166,"column":53}},"74":{"start":{"line":167,"column":25},"end":{"line":167,"column":59}},"75":{"start":{"line":168,"column":2},"end":{"line":170,"column":3}},"76":{"start":{"line":169,"column":4},"end":{"line":169,"column":37}},"77":{"start":{"line":172,"column":2},"end":{"line":172,"column":65}},"78":{"start":{"line":173,"column":2},"end":{"line":177,"column":4}},"79":{"start":{"line":179,"column":2},"end":{"line":179,"column":50}},"80":{"start":{"line":182,"column":0},"end":{"line":182,"column":30}}},"fnMap":{"0":{"name":"(anonymous_0)","decl":{"start":{"line":14,"column":39},"end":{"line":14,"column":40}},"loc":{"start":{"line":14,"column":74},"end":{"line":17,"column":1}},"line":14},"1":{"name":"(anonymous_1)","decl":{"start":{"line":19,"column":42},"end":{"line":19,"column":43}},"loc":{"start":{"line":19,"column":77},"end":{"line":30,"column":1}},"line":19},"2":{"name":"(anonymous_2)","decl":{"start":{"line":32,"column":42},"end":{"line":32,"column":43}},"loc":{"start":{"line":32,"column":77},"end":{"line":35,"column":1}},"line":32},"3":{"name":"(anonymous_3)","decl":{"start":{"line":37,"column":45},"end":{"line":37,"column":46}},"loc":{"start":{"line":37,"column":80},"end":{"line":40,"column":1}},"line":37},"4":{"name":"(anonymous_4)","decl":{"start":{"line":42,"column":42},"end":{"line":42,"column":43}},"loc":{"start":{"line":42,"column":77},"end":{"line":45,"column":1}},"line":42},"5":{"name":"(anonymous_5)","decl":{"start":{"line":47,"column":45},"end":{"line":47,"column":46}},"loc":{"start":{"line":47,"column":80},"end":{"line":53,"column":1}},"line":47},"6":{"name":"(anonymous_6)","decl":{"start":{"line":55,"column":56},"end":{"line":55,"column":57}},"loc":{"start":{"line":55,"column":91},"end":{"line":70,"column":1}},"line":55},"7":{"name":"(anonymous_7)","decl":{"start":{"line":72,"column":51},"end":{"line":72,"column":52}},"loc":{"start":{"line":72,"column":86},"end":{"line":111,"column":1}},"line":72},"8":{"name":"(anonymous_8)","decl":{"start":{"line":113,"column":39},"end":{"line":113,"column":40}},"loc":{"start":{"line":113,"column":74},"end":{"line":116,"column":1}},"line":113},"9":{"name":"(anonymous_9)","decl":{"start":{"line":118,"column":39},"end":{"line":118,"column":40}},"loc":{"start":{"line":118,"column":74},"end":{"line":133,"column":1}},"line":118},"10":{"name":"(anonymous_10)","decl":{"start":{"line":135,"column":40},"end":{"line":135,"column":41}},"loc":{"start":{"line":135,"column":75},"end":{"line":150,"column":1}},"line":135},"11":{"name":"(anonymous_11)","decl":{"start":{"line":153,"column":48},"end":{"line":153,"column":49}},"loc":{"start":{"line":153,"column":83},"end":{"line":163,"column":1}},"line":153},"12":{"name":"(anonymous_12)","decl":{"start":{"line":165,"column":45},"end":{"line":165,"column":46}},"loc":{"start":{"line":165,"column":80},"end":{"line":180,"column":1}},"line":165}},"branchMap":{"0":{"loc":{"start":{"line":59,"column":2},"end":{"line":67,"column":3}},"type":"if","locations":[{"start":{"line":59,"column":2},"end":{"line":67,"column":3}},{"start":{"line":59,"column":2},"end":{"line":67,"column":3}}],"line":59},"1":{"loc":{"start":{"line":76,"column":2},"end":{"line":93,"column":3}},"type":"if","locations":[{"start":{"line":76,"column":2},"end":{"line":93,"column":3}},{"start":{"line":76,"column":2},"end":{"line":93,"column":3}}],"line":76},"2":{"loc":{"start":{"line":85,"column":4},"end":{"line":92,"column":5}},"type":"if","locations":[{"start":{"line":85,"column":4},"end":{"line":92,"column":5}},{"start":{"line":85,"column":4},"end":{"line":92,"column":5}}],"line":85},"3":{"loc":{"start":{"line":119,"column":2},"end":{"line":121,"column":3}},"type":"if","locations":[{"start":{"line":119,"column":2},"end":{"line":121,"column":3}},{"start":{"line":119,"column":2},"end":{"line":121,"column":3}}],"line":119},"4":{"loc":{"start":{"line":136,"column":2},"end":{"line":138,"column":3}},"type":"if","locations":[{"start":{"line":136,"column":2},"end":{"line":138,"column":3}},{"start":{"line":136,"column":2},"end":{"line":138,"column":3}}],"line":136},"5":{"loc":{"start":{"line":157,"column":2},"end":{"line":159,"column":3}},"type":"if","locations":[{"start":{"line":157,"column":2},"end":{"line":159,"column":3}},{"start":{"line":157,"column":2},"end":{"line":159,"column":3}}],"line":157},"6":{"loc":{"start":{"line":168,"column":2},"end":{"line":170,"column":3}},"type":"if","locations":[{"start":{"line":168,"column":2},"end":{"line":170,"column":3}},{"start":{"line":168,"column":2},"end":{"line":170,"column":3}}],"line":168}},"s":{"0":6,"1":6,"2":6,"3":6,"4":6,"5":6,"6":6,"7":6,"8":5,"9":5,"10":6,"11":0,"12":0,"13":6,"14":0,"15":0,"16":6,"17":0,"18":0,"19":6,"20":0,"21":0,"22":6,"23":0,"24":0,"25":0,"26":6,"27":1,"28":0,"29":0,"30":0,"31":0,"32":0,"33":6,"34":1,"35":1,"36":1,"37":1,"38":0,"39":0,"40":0,"41":0,"42":0,"43":6,"44":1,"45":1,"46":6,"47":1,"48":0,"49":1,"50":1,"51":1,"52":1,"53":1,"54":6,"55":2,"56":0,"57":2,"58":2,"59":2,"60":2,"61":2,"62":2,"63":2,"64":2,"65":6,"66":0,"67":0,"68":0,"69":0,"70":0,"71":0,"72":6,"73":0,"74":0,"75":0,"76":0,"77":0,"78":0,"79":0,"80":6},"f":{"0":5,"1":0,"2":0,"3":0,"4":0,"5":0,"6":1,"7":1,"8":1,"9":1,"10":2,"11":0,"12":0},"b":{"0":[0,0],"1":[1,0],"2":[0,0],"3":[0,1],"4":[0,2],"5":[0,0],"6":[0,0]},"_coverageSchema":"43e27e138ebf9cfc5966b082cf9a028302ed4184","hash":"5a0643d43ed7f12defd57855dd36428e0f5833e9"}
,"/home/mika/coding/Beast.Mode/Beast.backend/models/DoneWorkout.js": {"path":"/home/mika/coding/Beast.Mode/Beast.backend/models/DoneWorkout.js","statementMap":{"0":{"start":{"line":1,"column":17},"end":{"line":1,"column":36}},"1":{"start":{"line":3,"column":26},"end":{"line":19,"column":2}},"2":{"start":{"line":21,"column":0},"end":{"line":21,"column":65}}},"fnMap":{},"branchMap":{},"s":{"0":6,"1":6,"2":6},"f":{},"b":{},"_coverageSchema":"43e27e138ebf9cfc5966b082cf9a028302ed4184","hash":"c6dba0a4887ce6db7d66448b37f6a200a5daf1b5"}
,"/home/mika/coding/Beast.Mode/Beast.backend/models/Post.js": {"path":"/home/mika/coding/Beast.Mode/Beast.backend/models/Post.js","statementMap":{"0":{"start":{"line":1,"column":17},"end":{"line":1,"column":36}},"1":{"start":{"line":3,"column":19},"end":{"line":17,"column":2}},"2":{"start":{"line":19,"column":0},"end":{"line":19,"column":51}}},"fnMap":{},"branchMap":{},"s":{"0":6,"1":6,"2":6},"f":{},"b":{},"_coverageSchema":"43e27e138ebf9cfc5966b082cf9a028302ed4184","hash":"e23d6e333c7ab61b1dcc056f4875686df6737e69"}
,"/home/mika/coding/Beast.Mode/Beast.backend/models/User.js": {"path":"/home/mika/coding/Beast.Mode/Beast.backend/models/User.js","statementMap":{"0":{"start":{"line":1,"column":17},"end":{"line":1,"column":36}},"1":{"start":{"line":4,"column":19},"end":{"line":20,"column":2}},"2":{"start":{"line":22,"column":0},"end":{"line":30,"column":2}},"3":{"start":{"line":24,"column":4},"end":{"line":24,"column":53}},"4":{"start":{"line":26,"column":4},"end":{"line":26,"column":29}},"5":{"start":{"line":27,"column":4},"end":{"line":27,"column":29}},"6":{"start":{"line":28,"column":4},"end":{"line":28,"column":38}},"7":{"start":{"line":32,"column":0},"end":{"line":32,"column":53}},"8":{"start":{"line":34,"column":0},"end":{"line":34,"column":51}}},"fnMap":{"0":{"name":"(anonymous_0)","decl":{"start":{"line":23,"column":13},"end":{"line":23,"column":14}},"loc":{"start":{"line":23,"column":43},"end":{"line":29,"column":3}},"line":23}},"branchMap":{},"s":{"0":6,"1":6,"2":6,"3":37,"4":37,"5":37,"6":37,"7":6,"8":6},"f":{"0":37},"b":{},"_coverageSchema":"43e27e138ebf9cfc5966b082cf9a028302ed4184","hash":"710fa80264978da0b0efc5f36821ed530ac8869f"}
,"/home/mika/coding/Beast.Mode/Beast.backend/models/Workout.js": {"path":"/home/mika/coding/Beast.Mode/Beast.backend/models/Workout.js","statementMap":{"0":{"start":{"line":1,"column":17},"end":{"line":1,"column":36}},"1":{"start":{"line":3,"column":22},"end":{"line":17,"column":2}},"2":{"start":{"line":19,"column":0},"end":{"line":19,"column":57}}},"fnMap":{},"branchMap":{},"s":{"0":6,"1":6,"2":6},"f":{},"b":{},"_coverageSchema":"43e27e138ebf9cfc5966b082cf9a028302ed4184","hash":"2c6e9e81584c67d64a2dfc480786f26ffbc94f32"}
,"/home/mika/coding/Beast.Mode/Beast.backend/util/activity.js": {"path":"/home/mika/coding/Beast.Mode/Beast.backend/util/activity.js","statementMap":{"0":{"start":{"line":1,"column":13},"end":{"line":1,"column":38}},"1":{"start":{"line":3,"column":20},"end":{"line":81,"column":1}},"2":{"start":{"line":4,"column":15},"end":{"line":4,"column":42}},"3":{"start":{"line":5,"column":17},"end":{"line":5,"column":19}},"4":{"start":{"line":7,"column":2},"end":{"line":70,"column":3}},"5":{"start":{"line":9,"column":4},"end":{"line":12,"column":5}},"6":{"start":{"line":13,"column":4},"end":{"line":13,"column":9}},"7":{"start":{"line":15,"column":4},"end":{"line":18,"column":5}},"8":{"start":{"line":19,"column":4},"end":{"line":19,"column":9}},"9":{"start":{"line":21,"column":4},"end":{"line":24,"column":5}},"10":{"start":{"line":25,"column":4},"end":{"line":25,"column":9}},"11":{"start":{"line":27,"column":4},"end":{"line":30,"column":5}},"12":{"start":{"line":31,"column":4},"end":{"line":31,"column":9}},"13":{"start":{"line":33,"column":4},"end":{"line":36,"column":5}},"14":{"start":{"line":37,"column":4},"end":{"line":37,"column":9}},"15":{"start":{"line":39,"column":4},"end":{"line":42,"column":5}},"16":{"start":{"line":43,"column":4},"end":{"line":43,"column":9}},"17":{"start":{"line":45,"column":4},"end":{"line":48,"column":5}},"18":{"start":{"line":49,"column":4},"end":{"line":49,"column":9}},"19":{"start":{"line":51,"column":4},"end":{"line":54,"column":5}},"20":{"start":{"line":55,"column":4},"end":{"line":55,"column":9}},"21":{"start":{"line":57,"column":4},"end":{"line":60,"column":5}},"22":{"start":{"line":61,"column":4},"end":{"line":61,"column":9}},"23":{"start":{"line":63,"column":4},"end":{"line":66,"column":5}},"24":{"start":{"line":67,"column":4},"end":{"line":67,"column":9}},"25":{"start":{"line":69,"column":4},"end":{"line":69,"column":13}},"26":{"start":{"line":71,"column":22},"end":{"line":71,"column":52}},"27":{"start":{"line":73,"column":23},"end":{"line":76,"column":3}},"28":{"start":{"line":78,"column":20},"end":{"line":78,"column":85}},"29":{"start":{"line":80,"column":2},"end":{"line":80,"column":18}},"30":{"start":{"line":83,"column":0},"end":{"line":83,"column":32}}},"fnMap":{"0":{"name":"(anonymous_0)","decl":{"start":{"line":3,"column":20},"end":{"line":3,"column":21}},"loc":{"start":{"line":3,"column":48},"end":{"line":81,"column":1}},"line":3}},"branchMap":{"0":{"loc":{"start":{"line":7,"column":2},"end":{"line":70,"column":3}},"type":"switch","locations":[{"start":{"line":8,"column":2},"end":{"line":13,"column":9}},{"start":{"line":14,"column":2},"end":{"line":19,"column":9}},{"start":{"line":20,"column":2},"end":{"line":25,"column":9}},{"start":{"line":26,"column":2},"end":{"line":31,"column":9}},{"start":{"line":32,"column":2},"end":{"line":37,"column":9}},{"start":{"line":38,"column":2},"end":{"line":43,"column":9}},{"start":{"line":44,"column":2},"end":{"line":49,"column":9}},{"start":{"line":50,"column":2},"end":{"line":55,"column":9}},{"start":{"line":56,"column":2},"end":{"line":61,"column":9}},{"start":{"line":62,"column":2},"end":{"line":67,"column":9}},{"start":{"line":68,"column":2},"end":{"line":69,"column":13}}],"line":7}},"s":{"0":6,"1":6,"2":6,"3":6,"4":6,"5":2,"6":2,"7":2,"8":2,"9":2,"10":1,"11":0,"12":0,"13":0,"14":0,"15":0,"16":0,"17":0,"18":0,"19":0,"20":0,"21":0,"22":0,"23":0,"24":0,"25":0,"26":5,"27":5,"28":5,"29":5,"30":6},"f":{"0":6},"b":{"0":[2,2,2,0,0,0,0,0,0,0,0]},"_coverageSchema":"43e27e138ebf9cfc5966b082cf9a028302ed4184","hash":"1780f2cf286df9724a6c522430d30f7a5fe6d058"}
[...]
,"/home/mika/coding/Beast.Mode/Beast.backend/util/middleware.js": {"path":"/home/mika/coding/Beast.Mode/Beast.backend/util/middleware.js","statementMap":{"0":{"start":{"line":1,"column":23},"end":{"line":10,"column":1}},"1":{"start":{"line":2,"column":15},"end":{"line":2,"column":43}},"2":{"start":{"line":3,"column":2},"end":{"line":7,"column":3}},"3":{"start":{"line":4,"column":4},"end":{"line":4,"column":37}},"4":{"start":{"line":6,"column":4},"end":{"line":6,"column":24}},"5":{"start":{"line":9,"column":2},"end":{"line":9,"column":8}},"6":{"start":{"line":12,"column":21},"end":{"line":32,"column":1}},"7":{"start":{"line":13,"column":2},"end":{"line":13,"column":30}},"8":{"start":{"line":15,"column":2},"end":{"line":29,"column":3}},"9":{"start":{"line":16,"column":4},"end":{"line":16,"column":37}},"10":{"start":{"line":18,"column":7},"end":{"line":29,"column":3}},"11":{"start":{"line":19,"column":4},"end":{"line":19,"column":66}},"12":{"start":{"line":21,"column":7},"end":{"line":29,"column":3}},"13":{"start":{"line":22,"column":4},"end":{"line":22,"column":62}},"14":{"start":{"line":24,"column":7},"end":{"line":29,"column":3}},"15":{"start":{"line":25,"column":4},"end":{"line":25,"column":64}},"16":{"start":{"line":28,"column":4},"end":{"line":28,"column":62}},"17":{"start":{"line":31,"column":2},"end":{"line":31,"column":13}},"18":{"start":{"line":34,"column":0},"end":{"line":34,"column":49}}},"fnMap":{"0":{"name":"(anonymous_0)","decl":{"start":{"line":1,"column":23},"end":{"line":1,"column":24}},"loc":{"start":{"line":1,"column":52},"end":{"line":10,"column":1}},"line":1},"1":{"name":"(anonymous_1)","decl":{"start":{"line":12,"column":21},"end":{"line":12,"column":22}},"loc":{"start":{"line":12,"column":57},"end":{"line":32,"column":1}},"line":12}},"branchMap":{"0":{"loc":{"start":{"line":3,"column":2},"end":{"line":7,"column":3}},"type":"if","locations":[{"start":{"line":3,"column":2},"end":{"line":7,"column":3}},{"start":{"line":3,"column":2},"end":{"line":7,"column":3}}],"line":3},"1":{"loc":{"start":{"line":3,"column":6},"end":{"line":3,"column":53}},"type":"binary-expr","locations":[{"start":{"line":3,"column":6},"end":{"line":3,"column":10}},{"start":{"line":3,"column":14},"end":{"line":3,"column":53}}],"line":3},"2":{"loc":{"start":{"line":15,"column":2},"end":{"line":29,"column":3}},"type":"if","locations":[{"start":{"line":15,"column":2},"end":{"line":29,"column":3}},{"start":{"line":15,"column":2},"end":{"line":29,"column":3}}],"line":15},"3":{"loc":{"start":{"line":18,"column":7},"end":{"line":29,"column":3}},"type":"if","locations":[{"start":{"line":18,"column":7},"end":{"line":29,"column":3}},{"start":{"line":18,"column":7},"end":{"line":29,"column":3}}],"line":18},"4":{"loc":{"start":{"line":21,"column":7},"end":{"line":29,"column":3}},"type":"if","locations":[{"start":{"line":21,"column":7},"end":{"line":29,"column":3}},{"start":{"line":21,"column":7},"end":{"line":29,"column":3}}],"line":21},"5":{"loc":{"start":{"line":24,"column":7},"end":{"line":29,"column":3}},"type":"if","locations":[{"start":{"line":24,"column":7},"end":{"line":29,"column":3}},{"start":{"line":24,"column":7},"end":{"line":29,"column":3}}],"line":24}},"s":{"0":6,"1":63,"2":63,"3":25,"4":38,"5":63,"6":6,"7":15,"8":15,"9":1,"10":14,"11":3,"12":11,"13":0,"14":11,"15":0,"16":11,"17":0,"18":6},"f":{"0":63,"1":15},"b":{"0":[25,38],"1":[63,31],"2":[1,14],"3":[3,11],"4":[0,11],"5":[0,11]},"_coverageSchema":"43e27e138ebf9cfc5966b082cf9a028302ed4184","hash":"ac5d15e7d556d3e5ddf9891348e9e55c53bb837e"}
,"/home/mika/coding/Beast.Mode/Beast.backend/util/oldest.js": {"path":"/home/mika/coding/Beast.Mode/Beast.backend/util/oldest.js","statementMap":{"0":{"start":{"line":1,"column":26},"end":{"line":1,"column":43}},"1":{"start":{"line":2,"column":26},"end":{"line":2,"column":44}},"2":{"start":{"line":3,"column":26},"end":{"line":3,"column":51}},"3":{"start":{"line":4,"column":26},"end":{"line":4,"column":58}},"4":{"start":{"line":5,"column":26},"end":{"line":5,"column":54}},"5":{"start":{"line":7,"column":24},"end":{"line":7,"column":26}},"6":{"start":{"line":8,"column":24},"end":{"line":8,"column":26}},"7":{"start":{"line":9,"column":24},"end":{"line":9,"column":26}},"8":{"start":{"line":11,"column":18},"end":{"line":20,"column":1}},"9":{"start":{"line":12,"column":15},"end":{"line":12,"column":61}},"10":{"start":{"line":13,"column":18},"end":{"line":13,"column":67}},"11":{"start":{"line":14,"column":22},"end":{"line":14,"column":75}},"12":{"start":{"line":15,"column":24},"end":{"line":15,"column":46}},"13":{"start":{"line":17,"column":2},"end":{"line":17,"column":56}},"14":{"start":{"line":18,"column":2},"end":{"line":18,"column":65}},"15":{"start":{"line":19,"column":2},"end":{"line":19,"column":77}},"16":{"start":{"line":22,"column":22},"end":{"line":22,"column":38}},"17":{"start":{"line":22,"column":28},"end":{"line":22,"column":38}},"18":{"start":{"line":23,"column":25},"end":{"line":23,"column":44}},"19":{"start":{"line":23,"column":31},"end":{"line":23,"column":44}},"20":{"start":{"line":24,"column":29},"end":{"line":24,"column":52}},"21":{"start":{"line":24,"column":35},"end":{"line":24,"column":52}},"22":{"start":{"line":26,"column":18},"end":{"line":42,"column":1}},"23":{"start":{"line":27,"column":15},"end":{"line":27,"column":46}},"24":{"start":{"line":28,"column":18},"end":{"line":28,"column":52}},"25":{"start":{"line":29,"column":22},"end":{"line":29,"column":60}},"26":{"start":{"line":31,"column":2},"end":{"line":34,"column":3}},"27":{"start":{"line":33,"column":4},"end":{"line":33,"column":21}},"28":{"start":{"line":36,"column":2},"end":{"line":39,"column":3}},"29":{"start":{"line":38,"column":4},"end":{"line":38,"column":24}},"30":{"start":{"line":41,"column":2},"end":{"line":41,"column":26}},"31":{"start":{"line":44,"column":0},"end":{"line":44,"column":96}}},"fnMap":{"0":{"name":"(anonymous_0)","decl":{"start":{"line":11,"column":18},"end":{"line":11,"column":19}},"loc":{"start":{"line":11,"column":30},"end":{"line":20,"column":1}},"line":11},"1":{"name":"(anonymous_1)","decl":{"start":{"line":22,"column":22},"end":{"line":22,"column":23}},"loc":{"start":{"line":22,"column":28},"end":{"line":22,"column":38}},"line":22},"2":{"name":"(anonymous_2)","decl":{"start":{"line":23,"column":25},"end":{"line":23,"column":26}},"loc":{"start":{"line":23,"column":31},"end":{"line":23,"column":44}},"line":23},"3":{"name":"(anonymous_3)","decl":{"start":{"line":24,"column":29},"end":{"line":24,"column":30}},"loc":{"start":{"line":24,"column":35},"end":{"line":24,"column":52}},"line":24},"4":{"name":"(anonymous_4)","decl":{"start":{"line":26,"column":18},"end":{"line":26,"column":19}},"loc":{"start":{"line":26,"column":24},"end":{"line":42,"column":1}},"line":26}},"branchMap":{"0":{"loc":{"start":{"line":17,"column":15},"end":{"line":17,"column":56}},"type":"cond-expr","locations":[{"start":{"line":17,"column":31},"end":{"line":17,"column":40}},{"start":{"line":17,"column":43},"end":{"line":17,"column":56}}],"line":17},"1":{"loc":{"start":{"line":18,"column":18},"end":{"line":18,"column":65}},"type":"cond-expr","locations":[{"start":{"line":18,"column":37},"end":{"line":18,"column":49}},{"start":{"line":18,"column":52},"end":{"line":18,"column":65}}],"line":18},"2":{"loc":{"start":{"line":19,"column":22},"end":{"line":19,"column":77}},"type":"cond-expr","locations":[{"start":{"line":19,"column":45},"end":{"line":19,"column":61}},{"start":{"line":19,"column":64},"end":{"line":19,"column":77}}],"line":19},"3":{"loc":{"start":{"line":31,"column":2},"end":{"line":34,"column":3}},"type":"if","locations":[{"start":{"line":31,"column":2},"end":{"line":34,"column":3}},{"start":{"line":31,"column":2},"end":{"line":34,"column":3}}],"line":31},"4":{"loc":{"start":{"line":31,"column":6},"end":{"line":32,"column":76}},"type":"binary-expr","locations":[{"start":{"line":31,"column":6},"end":{"line":31,"column":76}},{"start":{"line":32,"column":2},"end":{"line":32,"column":76}}],"line":31},"5":{"loc":{"start":{"line":36,"column":2},"end":{"line":39,"column":3}},"type":"if","locations":[{"start":{"line":36,"column":2},"end":{"line":39,"column":3}},{"start":{"line":36,"column":2},"end":{"line":39,"column":3}}],"line":36},"6":{"loc":{"start":{"line":36,"column":6},"end":{"line":37,"column":79}},"type":"binary-expr","locations":[{"start":{"line":36,"column":6},"end":{"line":36,"column":76}},{"start":{"line":37,"column":2},"end":{"line":37,"column":79}}],"line":36}},"s":{"0":6,"1":6,"2":6,"3":6,"4":6,"5":6,"6":6,"7":6,"8":6,"9":6,"10":6,"11":6,"12":6,"13":6,"14":6,"15":6,"16":6,"17":4,"18":6,"19":4,"20":6,"21":2,"22":6,"23":0,"24":0,"25":0,"26":0,"27":0,"28":0,"29":0,"30":0,"31":6},"f":{"0":6,"1":4,"2":4,"3":2,"4":0},"b":{"0":[6,0],"1":[6,0],"2":[6,0],"3":[0,0],"4":[0,0],"5":[0,0],"6":[0,0]},"_coverageSchema":"43e27e138ebf9cfc5966b082cf9a028302ed4184","hash":"0aaefbf030483a084face1316735198d2f6282df"}
,"/home/mika/coding/Beast.Mode/Beast.backend/util/testhelper.js": {"path":"/home/mika/coding/Beast.Mode/Beast.backend/util/testhelper.js","statementMap":{"0":{"start":{"line":1,"column":17},"end":{"line":1,"column":36}},"1":{"start":{"line":2,"column":15},"end":{"line":2,"column":32}},"2":{"start":{"line":3,"column":13},"end":{"line":3,"column":38}},"3":{"start":{"line":5,"column":20},"end":{"line":5,"column":57}},"4":{"start":{"line":5,"column":32},"end":{"line":5,"column":57}},"5":{"start":{"line":7,"column":22},"end":{"line":28,"column":1}},"6":{"start":{"line":8,"column":17},"end":{"line":8,"column":48}},"7":{"start":{"line":9,"column":15},"end":{"line":24,"column":4}},"8":{"start":{"line":26,"column":20},"end":{"line":26,"column":37}},"9":{"start":{"line":27,"column":2},"end":{"line":27,"column":21}},"10":{"start":{"line":30,"column":0},"end":{"line":30,"column":46}}},"fnMap":{"0":{"name":"(anonymous_0)","decl":{"start":{"line":5,"column":20},"end":{"line":5,"column":21}},"loc":{"start":{"line":5,"column":32},"end":{"line":5,"column":57}},"line":5},"1":{"name":"(anonymous_1)","decl":{"start":{"line":7,"column":22},"end":{"line":7,"column":23}},"loc":{"start":{"line":7,"column":42},"end":{"line":28,"column":1}},"line":7}},"branchMap":{},"s":{"0":6,"1":6,"2":6,"3":6,"4":6,"5":6,"6":6,"7":6,"8":6,"9":4,"10":6},"f":{"0":6,"1":6},"b":{},"_coverageSchema":"43e27e138ebf9cfc5966b082cf9a028302ed4184","hash":"31b84569ea4884a8422d51660b76041c44ff74f5"}
,"/home/mika/coding/Beast.Mode/Beast.backend/util/userUpdater.js": {"path":"/home/mika/coding/Beast.Mode/Beast.backend/util/userUpdater.js","statementMap":{"0":{"start":{"line":1,"column":20},"end":{"line":1,"column":45}},"1":{"start":{"line":2,"column":20},"end":{"line":2,"column":45}},"2":{"start":{"line":3,"column":20},"end":{"line":3,"column":52}},"3":{"start":{"line":5,"column":22},"end":{"line":18,"column":1}},"4":{"start":{"line":6,"column":15},"end":{"line":6,"column":38}},"5":{"start":{"line":7,"column":2},"end":{"line":7,"column":27}},"6":{"start":{"line":7,"column":21},"end":{"line":7,"column":27}},"7":{"start":{"line":9,"column":22},"end":{"line":9,"column":47}},"8":{"start":{"line":11,"column":23},"end":{"line":14,"column":3}},"9":{"start":{"line":16,"column":22},"end":{"line":16,"column":83}},"10":{"start":{"line":17,"column":2},"end":{"line":17,"column":20}},"11":{"start":{"line":20,"column":19},"end":{"line":33,"column":1}},"12":{"start":{"line":21,"column":15},"end":{"line":21,"column":38}},"13":{"start":{"line":22,"column":2},"end":{"line":22,"column":27}},"14":{"start":{"line":22,"column":21},"end":{"line":22,"column":27}},"15":{"start":{"line":24,"column":19},"end":{"line":24,"column":44}},"16":{"start":{"line":26,"column":23},"end":{"line":29,"column":3}},"17":{"start":{"line":31,"column":22},"end":{"line":31,"column":83}},"18":{"start":{"line":32,"column":2},"end":{"line":32,"column":20}},"19":{"start":{"line":35,"column":22},"end":{"line":48,"column":1}},"20":{"start":{"line":36,"column":15},"end":{"line":36,"column":38}},"21":{"start":{"line":37,"column":2},"end":{"line":37,"column":27}},"22":{"start":{"line":37,"column":21},"end":{"line":37,"column":27}},"23":{"start":{"line":39,"column":22},"end":{"line":39,"column":53}},"24":{"start":{"line":41,"column":23},"end":{"line":44,"column":3}},"25":{"start":{"line":46,"column":22},"end":{"line":46,"column":83}},"26":{"start":{"line":47,"column":2},"end":{"line":47,"column":20}},"27":{"start":{"line":50,"column":26},"end":{"line":63,"column":1}},"28":{"start":{"line":51,"column":15},"end":{"line":51,"column":38}},"29":{"start":{"line":52,"column":2},"end":{"line":52,"column":27}},"30":{"start":{"line":52,"column":21},"end":{"line":52,"column":27}},"31":{"start":{"line":54,"column":26},"end":{"line":54,"column":65}},"32":{"start":{"line":56,"column":23},"end":{"line":59,"column":3}},"33":{"start":{"line":61,"column":22},"end":{"line":61,"column":83}},"34":{"start":{"line":62,"column":2},"end":{"line":62,"column":20}},"35":{"start":{"line":65,"column":31},"end":{"line":78,"column":1}},"36":{"start":{"line":66,"column":27},"end":{"line":66,"column":84}},"37":{"start":{"line":67,"column":34},"end":{"line":67,"column":98}},"38":{"start":{"line":68,"column":16},"end":{"line":68,"column":105}},"39":{"start":{"line":70,"column":2},"end":{"line":70,"column":29}},"40":{"start":{"line":70,"column":18},"end":{"line":70,"column":29}},"41":{"start":{"line":71,"column":2},"end":{"line":71,"column":44}},"42":{"start":{"line":71,"column":33},"end":{"line":71,"column":44}},"43":{"start":{"line":72,"column":2},"end":{"line":72,"column":44}},"44":{"start":{"line":72,"column":34},"end":{"line":72,"column":44}},"45":{"start":{"line":73,"column":2},"end":{"line":73,"column":45}},"46":{"start":{"line":73,"column":35},"end":{"line":73,"column":45}},"47":{"start":{"line":74,"column":2},"end":{"line":74,"column":46}},"48":{"start":{"line":74,"column":36},"end":{"line":74,"column":46}},"49":{"start":{"line":75,"column":2},"end":{"line":75,"column":45}},"50":{"start":{"line":75,"column":36},"end":{"line":75,"column":45}},"51":{"start":{"line":76,"column":2},"end":{"line":76,"column":29}},"52":{"start":{"line":76,"column":20},"end":{"line":76,"column":29}},"53":{"start":{"line":80,"column":0},"end":{"line":80,"column":104}}},"fnMap":{"0":{"name":"(anonymous_0)","decl":{"start":{"line":5,"column":22},"end":{"line":5,"column":23}},"loc":{"start":{"line":5,"column":41},"end":{"line":18,"column":1}},"line":5},"1":{"name":"(anonymous_1)","decl":{"start":{"line":20,"column":19},"end":{"line":20,"column":20}},"loc":{"start":{"line":20,"column":41},"end":{"line":33,"column":1}},"line":20},"2":{"name":"(anonymous_2)","decl":{"start":{"line":35,"column":22},"end":{"line":35,"column":23}},"loc":{"start":{"line":35,"column":47},"end":{"line":48,"column":1}},"line":35},"3":{"name":"(anonymous_3)","decl":{"start":{"line":50,"column":26},"end":{"line":50,"column":27}},"loc":{"start":{"line":50,"column":55},"end":{"line":63,"column":1}},"line":50},"4":{"name":"(anonymous_4)","decl":{"start":{"line":65,"column":31},"end":{"line":65,"column":32}},"loc":{"start":{"line":65,"column":47},"end":{"line":78,"column":1}},"line":65}},"branchMap":{"0":{"loc":{"start":{"line":7,"column":2},"end":{"line":7,"column":27}},"type":"if","locations":[{"start":{"line":7,"column":2},"end":{"line":7,"column":27}},{"start":{"line":7,"column":2},"end":{"line":7,"column":27}}],"line":7},"1":{"loc":{"start":{"line":22,"column":2},"end":{"line":22,"column":27}},"type":"if","locations":[{"start":{"line":22,"column":2},"end":{"line":22,"column":27}},{"start":{"line":22,"column":2},"end":{"line":22,"column":27}}],"line":22},"2":{"loc":{"start":{"line":37,"column":2},"end":{"line":37,"column":27}},"type":"if","locations":[{"start":{"line":37,"column":2},"end":{"line":37,"column":27}},{"start":{"line":37,"column":2},"end":{"line":37,"column":27}}],"line":37},"3":{"loc":{"start":{"line":52,"column":2},"end":{"line":52,"column":27}},"type":"if","locations":[{"start":{"line":52,"column":2},"end":{"line":52,"column":27}},{"start":{"line":52,"column":2},"end":{"line":52,"column":27}}],"line":52},"4":{"loc":{"start":{"line":70,"column":2},"end":{"line":70,"column":29}},"type":"if","locations":[{"start":{"line":70,"column":2},"end":{"line":70,"column":29}},{"start":{"line":70,"column":2},"end":{"line":70,"column":29}}],"line":70},"5":{"loc":{"start":{"line":71,"column":2},"end":{"line":71,"column":44}},"type":"if","locations":[{"start":{"line":71,"column":2},"end":{"line":71,"column":44}},{"start":{"line":71,"column":2},"end":{"line":71,"column":44}}],"line":71},"6":{"loc":{"start":{"line":71,"column":6},"end":{"line":71,"column":31}},"type":"binary-expr","locations":[{"start":{"line":71,"column":6},"end":{"line":71,"column":17}},{"start":{"line":71,"column":21},"end":{"line":71,"column":31}}],"line":71},"7":{"loc":{"start":{"line":72,"column":2},"end":{"line":72,"column":44}},"type":"if","locations":[{"start":{"line":72,"column":2},"end":{"line":72,"column":44}},{"start":{"line":72,"column":2},"end":{"line":72,"column":44}}],"line":72},"8":{"loc":{"start":{"line":72,"column":6},"end":{"line":72,"column":32}},"type":"binary-expr","locations":[{"start":{"line":72,"column":6},"end":{"line":72,"column":17}},{"start":{"line":72,"column":21},"end":{"line":72,"column":32}}],"line":72},"9":{"loc":{"start":{"line":73,"column":2},"end":{"line":73,"column":45}},"type":"if","locations":[{"start":{"line":73,"column":2},"end":{"line":73,"column":45}},{"start":{"line":73,"column":2},"end":{"line":73,"column":45}}],"line":73},"10":{"loc":{"start":{"line":73,"column":6},"end":{"line":73,"column":33}},"type":"binary-expr","locations":[{"start":{"line":73,"column":6},"end":{"line":73,"column":18}},{"start":{"line":73,"column":22},"end":{"line":73,"column":33}}],"line":73},"11":{"loc":{"start":{"line":74,"column":2},"end":{"line":74,"column":46}},"type":"if","locations":[{"start":{"line":74,"column":2},"end":{"line":74,"column":46}},{"start":{"line":74,"column":2},"end":{"line":74,"column":46}}],"line":74},"12":{"loc":{"start":{"line":74,"column":6},"end":{"line":74,"column":34}},"type":"binary-expr","locations":[{"start":{"line":74,"column":6},"end":{"line":74,"column":18}},{"start":{"line":74,"column":22},"end":{"line":74,"column":34}}],"line":74},"13":{"loc":{"start":{"line":75,"column":2},"end":{"line":75,"column":45}},"type":"if","locations":[{"start":{"line":75,"column":2},"end":{"line":75,"column":45}},{"start":{"line":75,"column":2},"end":{"line":75,"column":45}}],"line":75},"14":{"loc":{"start":{"line":75,"column":6},"end":{"line":75,"column":34}},"type":"binary-expr","locations":[{"start":{"line":75,"column":6},"end":{"line":75,"column":18}},{"start":{"line":75,"column":22},"end":{"line":75,"column":34}}],"line":75},"15":{"loc":{"start":{"line":76,"column":2},"end":{"line":76,"column":29}},"type":"if","locations":[{"start":{"line":76,"column":2},"end":{"line":76,"column":29}},{"start":{"line":76,"column":2},"end":{"line":76,"column":29}}],"line":76}},"s":{"0":6,"1":6,"2":6,"3":6,"4":0,"5":0,"6":0,"7":0,"8":0,"9":0,"10":0,"11":6,"12":2,"13":2,"14":0,"15":2,"16":2,"17":2,"18":2,"19":6,"20":2,"21":2,"22":0,"23":2,"24":2,"25":2,"26":2,"27":6,"28":2,"29":2,"30":1,"31":1,"32":1,"33":1,"34":1,"35":6,"36":5,"37":5,"38":5,"39":5,"40":5,"41":0,"42":0,"43":0,"44":0,"45":0,"46":0,"47":0,"48":0,"49":0,"50":0,"51":0,"52":0,"53":6},"f":{"0":0,"1":2,"2":2,"3":2,"4":5},"b":{"0":[0,0],"1":[0,2],"2":[0,2],"3":[1,1],"4":[5,0],"5":[0,0],"6":[0,0],"7":[0,0],"8":[0,0],"9":[0,0],"10":[0,0],"11":[0,0],"12":[0,0],"13":[0,0],"14":[0,0],"15":[0,0]},"_coverageSchema":"43e27e138ebf9cfc5966b082cf9a028302ed4184","hash":"a6657c667489860c644438482b017c1ae9861ab1"}
}
