TN:
SF:/home/mika/coding/Beast.Mode/Beast.backend/app.js
FN:27,(anonymous_0)
FN:28,(anonymous_1)
FN:36,(anonymous_2)
FN:55,(anonymous_3)
FNF:4
FNH:3
FNDA:6,(anonymous_0)
FNDA:0,(anonymous_1)
FNDA:63,(anonymous_2)
FNDA:1,(anonymous_3)
DA:1,6
DA:2,6
DA:3,6
DA:4,6
DA:5,6
DA:6,6
DA:8,6
DA:9,6
DA:10,6
DA:11,6
DA:13,6
DA:15,6
DA:16,6
DA:17,6
DA:18,6
DA:19,6
DA:20,6
DA:21,6
DA:22,6
DA:24,6
DA:25,6
DA:26,6
DA:27,6
DA:28,0
DA:30,6
DA:31,6
DA:32,6
DA:33,6
DA:34,6
DA:36,6
DA:37,63
DA:38,63
DA:41,6
DA:42,6
DA:43,6
DA:44,6
DA:45,6
DA:46,6
DA:47,6
DA:49,6
DA:51,6
DA:53,6
DA:55,6
DA:56,1
DA:59,6
LF:45
LH:44
BRF:0
BRH:0
end_of_record
TN:
SF:/home/mika/coding/Beast.Mode/Beast.backend/controllers/common.js
FN:5,(anonymous_0)
FN:5,(anonymous_1)
FN:8,(anonymous_2)
FN:18,(anonymous_3)
FN:28,(anonymous_4)
FN:35,(anonymous_5)
FNF:6
FNH:4
FNDA:306,(anonymous_0)
FNDA:54,(anonymous_1)
FNDA:22,(anonymous_2)
FNDA:6,(anonymous_3)
FNDA:0,(anonymous_4)
FNDA:0,(anonymous_5)
DA:1,6
DA:2,6
DA:3,6
DA:5,306
DA:6,54
DA:8,6
DA:9,22
DA:10,10
DA:12,10
DA:13,1
DA:15,9
DA:18,6
DA:19,6
DA:28,6
DA:29,0
DA:35,6
DA:36,0
DA:47,6
LF:18
LH:16
BRDA:12,0,0,1
BRDA:12,0,1,9
BRF:2
BRH:2
end_of_record
TN:
SF:/home/mika/coding/Beast.Mode/Beast.backend/controllers/doneworkout.js
FN:15,(anonymous_0)
FN:20,(anonymous_1)
FN:25,(anonymous_2)
FN:30,(anonymous_3)
FN:47,(anonymous_4)
FN:88,(anonymous_5)
FN:101,(anonymous_6)
FN:119,(anonymous_7)
FN:137,(anonymous_8)
FNF:9
FNH:6
FNDA:4,(anonymous_0)
FNDA:0,(anonymous_1)
FNDA:1,(anonymous_2)
FNDA:1,(anonymous_3)
FNDA:1,(anonymous_4)
FNDA:2,(anonymous_5)
FNDA:0,(anonymous_6)
FNDA:0,(anonymous_7)
FNDA:1,(anonymous_8)
DA:1,6
DA:2,6
DA:3,6
DA:4,6
DA:5,6
DA:6,6
DA:7,6
DA:13,6
DA:15,6
DA:16,4
DA:17,4
DA:20,6
DA:21,0
DA:22,0
DA:25,6
DA:26,1
DA:27,1
DA:30,6
DA:31,1
DA:32,0
DA:34,0
DA:35,0
DA:41,0
DA:44,0
DA:47,6
DA:48,1
DA:49,0
DA:51,0
DA:53,0
DA:54,0
DA:62,0
DA:63,0
DA:72,0
DA:78,0
DA:85,0
DA:88,6
DA:89,2
DA:90,2
DA:91,2
DA:92,2
DA:94,2
DA:95,2
DA:96,2
DA:98,2
DA:101,6
DA:102,0
DA:103,0
DA:105,0
DA:106,0
DA:109,0
DA:115,0
DA:116,0
DA:119,6
DA:120,0
DA:121,0
DA:123,0
DA:124,0
DA:127,0
DA:128,0
DA:134,0
DA:137,6
DA:138,1
DA:140,0
DA:142,0
DA:147,0
DA:149,0
DA:153,6
LF:67
LH:33
BRDA:34,0,0,0
BRDA:34,0,1,0
BRDA:49,1,0,0
BRDA:49,1,1,0
BRDA:53,2,0,0
BRDA:53,2,1,0
BRDA:62,3,0,0
BRDA:62,3,1,0
BRDA:105,4,0,0
BRDA:105,4,1,0
BRDA:123,5,0,0
BRDA:123,5,1,0
BRF:12
BRH:0
end_of_record
TN:
SF:/home/mika/coding/Beast.Mode/Beast.backend/controllers/image.js
FN:6,(anonymous_0)
FNF:1
FNH:0
FNDA:0,(anonymous_0)
DA:1,6
DA:2,6
DA:3,6
DA:4,6
DA:6,6
DA:7,0
DA:8,0
DA:11,0
DA:13,0
DA:15,0
DA:16,0
DA:18,0
DA:21,6
LF:13
LH:6
BRDA:7,0,0,0
BRDA:7,0,1,0
BRF:2
BRH:0
end_of_record
TN:
SF:/home/mika/coding/Beast.Mode/Beast.backend/controllers/login.js
FN:10,(anonymous_0)
FN:51,(anonymous_1)
FNF:2
FNH:1
FNDA:6,(anonymous_0)
FNDA:0,(anonymous_1)
DA:1,6
DA:2,6
DA:3,6
DA:4,6
DA:5,6
DA:6,6
DA:7,6
DA:8,6
DA:10,6
DA:11,6
DA:13,6
DA:16,6
DA:17,1
DA:20,5
DA:25,5
DA:26,5
DA:28,5
DA:32,5
DA:34,5
DA:47,5
DA:51,6
DA:52,0
DA:53,0
DA:55,0
DA:57,0
DA:58,0
DA:63,0
DA:64,0
DA:67,6
LF:29
LH:22
BRDA:13,0,0,1
BRDA:13,0,1,5
BRDA:16,1,0,1
BRDA:16,1,1,5
BRDA:16,2,0,6
BRDA:16,2,1,5
BRDA:52,3,0,0
BRDA:52,3,1,0
BRF:8
BRH:6
end_of_record
TN:
SF:/home/mika/coding/Beast.Mode/Beast.backend/controllers/post.js
FN:15,(anonymous_0)
FN:20,(anonymous_1)
FN:25,(anonymous_2)
FN:30,(anonymous_3)
FN:49,(anonymous_4)
FN:90,(anonymous_5)
FN:104,(anonymous_6)
FN:117,(anonymous_7)
FN:135,(anonymous_8)
FNF:9
FNH:6
FNDA:5,(anonymous_0)
FNDA:0,(anonymous_1)
FNDA:1,(anonymous_2)
FNDA:1,(anonymous_3)
FNDA:1,(anonymous_4)
FNDA:1,(anonymous_5)
FNDA:3,(anonymous_6)
FNDA:0,(anonymous_7)
FNDA:0,(anonymous_8)
DA:1,6
DA:2,6
DA:3,6
DA:4,6
DA:5,6
DA:6,6
DA:7,6
DA:13,6
DA:15,6
DA:16,5
DA:17,5
DA:20,6
DA:21,0
DA:22,0
DA:25,6
DA:26,1
DA:27,1
DA:30,6
DA:31,1
DA:32,0
DA:34,0
DA:35,0
DA:41,0
DA:44,0
DA:49,6
DA:50,1
DA:51,0
DA:53,0
DA:55,0
DA:56,0
DA:64,0
DA:65,0
DA:73,0
DA:80,0
DA:87,0
DA:90,6
DA:91,1
DA:92,1
DA:94,1
DA:99,1
DA:101,1
DA:104,6
DA:105,3
DA:106,2
DA:107,2
DA:108,2
DA:110,2
DA:111,2
DA:112,2
DA:114,2
DA:117,6
DA:118,0
DA:119,0
DA:121,0
DA:122,0
DA:124,0
DA:131,0
DA:132,0
DA:135,6
DA:136,0
DA:137,0
DA:139,0
DA:140,0
DA:143,0
DA:144,0
DA:150,0
DA:153,6
LF:67
LH:37
BRDA:34,0,0,0
BRDA:34,0,1,0
BRDA:51,1,0,0
BRDA:51,1,1,0
BRDA:55,2,0,0
BRDA:55,2,1,0
BRDA:64,3,0,0
BRDA:64,3,1,0
BRDA:121,4,0,0
BRDA:121,4,1,0
BRDA:139,5,0,0
BRDA:139,5,1,0
BRF:12
BRH:0
end_of_record
TN:
SF:/home/mika/coding/Beast.Mode/Beast.backend/controllers/reset.js
FN:9,(anonymous_0)
FNF:1
FNH:0
FNDA:0,(anonymous_0)
DA:1,6
DA:2,6
DA:3,6
DA:4,6
DA:5,6
DA:9,6
DA:10,0
DA:11,0
DA:12,0
DA:13,0
DA:15,0
DA:18,6
LF:12
LH:7
BRF:0
BRH:0
end_of_record
TN:
SF:/home/mika/coding/Beast.Mode/Beast.backend/controllers/search.js
FN:13,(anonymous_0)
FN:73,(anonymous_1)
FNF:2
FNH:2
FNDA:7,(anonymous_0)
FNDA:2,(anonymous_1)
DA:1,6
DA:2,6
DA:3,6
DA:4,6
DA:5,6
DA:6,6
DA:7,6
DA:8,6
DA:9,6
DA:13,6
DA:14,7
DA:15,7
DA:16,7
DA:18,7
DA:20,7
DA:21,7
DA:23,7
DA:24,7
DA:26,1
DA:30,1
DA:32,1
DA:37,2
DA:41,2
DA:43,1
DA:47,1
DA:49,3
DA:53,3
DA:57,3
DA:61,3
DA:67,7
DA:69,0
DA:73,6
DA:74,2
DA:75,2
DA:76,2
DA:78,2
DA:79,2
DA:82,2
DA:83,2
DA:85,2
DA:86,2
DA:88,0
DA:92,0
DA:95,0
DA:96,0
DA:99,0
DA:100,0
DA:108,0
DA:114,0
DA:115,0
DA:118,0
DA:119,0
DA:127,0
DA:131,0
DA:134,0
DA:135,0
DA:138,0
DA:139,0
DA:147,0
DA:151,0
DA:153,2
DA:154,2
DA:157,2
DA:160,2
DA:163,2
DA:164,0
DA:173,2
DA:177,2
DA:181,2
DA:185,2
DA:191,2
DA:198,0
DA:202,6
LF:73
LH:51
BRDA:14,0,0,0
BRDA:14,0,1,7
BRDA:15,1,0,0
BRDA:15,1,1,7
BRDA:16,2,0,0
BRDA:16,2,1,7
BRDA:21,3,0,0
BRDA:21,3,1,7
BRDA:24,4,0,1
BRDA:24,4,1,1
BRDA:24,4,2,2
BRDA:24,4,3,1
BRDA:24,4,4,3
BRDA:74,5,0,0
BRDA:74,5,1,2
BRDA:75,6,0,0
BRDA:75,6,1,2
BRDA:76,7,0,0
BRDA:76,7,1,2
BRDA:83,8,0,0
BRDA:83,8,1,2
BRDA:86,9,0,0
BRDA:86,9,1,0
BRDA:86,9,2,0
BRDA:86,9,3,0
BRDA:86,9,4,2
BRDA:95,10,0,0
BRDA:95,10,1,0
BRDA:99,11,0,0
BRDA:99,11,1,0
BRDA:114,12,0,0
BRDA:114,12,1,0
BRDA:118,13,0,0
BRDA:118,13,1,0
BRDA:134,14,0,0
BRDA:134,14,1,0
BRDA:138,15,0,0
BRDA:138,15,1,0
BRDA:153,16,0,2
BRDA:153,16,1,0
BRDA:153,17,0,2
BRDA:153,17,1,0
BRDA:153,17,2,0
BRDA:163,18,0,0
BRDA:163,18,1,2
BRF:45
BRH:17
end_of_record
TN:
SF:/home/mika/coding/Beast.Mode/Beast.backend/controllers/user.js
FN:14,(anonymous_0)
FN:19,(anonymous_1)
FN:21,(anonymous_2)
FN:25,(anonymous_3)
FN:30,(anonymous_4)
FN:36,(anonymous_5)
FN:41,(anonymous_6)
FN:46,(anonymous_7)
FN:51,(anonymous_8)
FN:66,(anonymous_9)
FN:81,(anonymous_10)
FN:96,(anonymous_11)
FN:139,(anonymous_12)
FN:182,(anonymous_13)
FN:227,(anonymous_14)
FN:261,(anonymous_15)
FN:278,(anonymous_16)
FN:292,(anonymous_17)
FNF:18
FNH:10
FNDA:4,(anonymous_0)
FNDA:0,(anonymous_1)
FNDA:0,(anonymous_2)
FNDA:2,(anonymous_3)
FNDA:0,(anonymous_4)
FNDA:1,(anonymous_5)
FNDA:1,(anonymous_6)
FNDA:0,(anonymous_7)
FNDA:0,(anonymous_8)
FNDA:0,(anonymous_9)
FNDA:0,(anonymous_10)
FNDA:0,(anonymous_11)
FNDA:1,(anonymous_12)
FNDA:1,(anonymous_13)
FNDA:1,(anonymous_14)
FNDA:2,(anonymous_15)
FNDA:1,(anonymous_16)
FNDA:1,(anonymous_17)
DA:1,6
DA:2,6
DA:3,6
DA:4,6
DA:5,6
DA:6,6
DA:7,6
DA:8,6
DA:9,6
DA:10,6
DA:11,6
DA:12,6
DA:14,6
DA:15,4
DA:16,4
DA:19,6
DA:20,0
DA:21,0
DA:22,0
DA:25,6
DA:26,2
DA:27,1
DA:30,6
DA:31,0
DA:32,0
DA:33,0
DA:36,6
DA:37,1
DA:38,0
DA:41,6
DA:42,1
DA:43,0
DA:46,6
DA:47,0
DA:48,0
DA:51,6
DA:52,0
DA:53,0
DA:54,0
DA:60,0
DA:63,0
DA:66,6
DA:67,0
DA:68,0
DA:69,0
DA:75,0
DA:78,0
DA:81,6
DA:82,0
DA:83,0
DA:84,0
DA:90,0
DA:93,0
DA:96,6
DA:97,0
DA:98,0
DA:100,0
DA:101,0
DA:109,0
DA:110,0
DA:119,0
DA:121,0
DA:129,0
DA:136,0
DA:139,6
DA:140,1
DA:141,0
DA:143,0
DA:144,0
DA:152,0
DA:153,0
DA:162,0
DA:164,0
DA:172,0
DA:179,0
DA:182,6
DA:183,1
DA:184,0
DA:186,0
DA:187,0
DA:195,0
DA:196,0
DA:206,0
DA:208,0
DA:216,0
DA:223,0
DA:227,6
DA:229,1
DA:233,1
DA:234,0
DA:237,1
DA:238,1
DA:239,1
DA:257,1
DA:258,1
DA:261,6
DA:262,2
DA:263,0
DA:265,0
DA:266,0
DA:267,0
DA:270,0
DA:271,0
DA:273,0
DA:274,0
DA:275,0
DA:278,6
DA:279,1
DA:281,0
DA:282,0
DA:285,0
DA:286,0
DA:287,0
DA:289,0
DA:292,6
DA:293,1
DA:295,1
DA:296,0
DA:299,1
DA:302,1
DA:310,1
DA:311,1
DA:314,6
LF:123
LH:53
BRDA:53,0,0,0
BRDA:53,0,1,0
BRDA:68,1,0,0
BRDA:68,1,1,0
BRDA:83,2,0,0
BRDA:83,2,1,0
BRDA:100,3,0,0
BRDA:100,3,1,0
BRDA:109,4,0,0
BRDA:109,4,1,0
BRDA:119,5,0,0
BRDA:119,5,1,0
BRDA:143,6,0,0
BRDA:143,6,1,0
BRDA:152,7,0,0
BRDA:152,7,1,0
BRDA:162,8,0,0
BRDA:162,8,1,0
BRDA:186,9,0,0
BRDA:186,9,1,0
BRDA:195,10,0,0
BRDA:195,10,1,0
BRDA:206,11,0,0
BRDA:206,11,1,0
BRDA:233,12,0,0
BRDA:233,12,1,1
BRDA:244,13,0,1
BRDA:244,13,1,0
BRDA:245,14,0,1
BRDA:245,14,1,1
BRDA:265,15,0,0
BRDA:265,15,1,0
BRDA:281,16,0,0
BRDA:281,16,1,0
BRDA:295,17,0,0
BRDA:295,17,1,1
BRDA:299,18,0,1
BRDA:299,18,1,0
BRDA:304,19,0,1
BRDA:304,19,1,0
BRDA:305,20,0,0
BRDA:305,20,1,1
BRDA:306,21,0,1
BRDA:306,21,1,0
BRDA:307,22,0,0
BRDA:307,22,1,1
BRF:46
BRH:10
end_of_record
TN:
SF:/home/mika/coding/Beast.Mode/Beast.backend/controllers/workout.js
FN:14,(anonymous_0)
FN:19,(anonymous_1)
FN:32,(anonymous_2)
FN:37,(anonymous_3)
FN:42,(anonymous_4)
FN:47,(anonymous_5)
FN:55,(anonymous_6)
FN:72,(anonymous_7)
FN:113,(anonymous_8)
FN:118,(anonymous_9)
FN:135,(anonymous_10)
FN:153,(anonymous_11)
FN:165,(anonymous_12)
FNF:13
FNH:6
FNDA:5,(anonymous_0)
FNDA:0,(anonymous_1)
FNDA:0,(anonymous_2)
FNDA:0,(anonymous_3)
FNDA:0,(anonymous_4)
FNDA:0,(anonymous_5)
FNDA:1,(anonymous_6)
FNDA:1,(anonymous_7)
FNDA:1,(anonymous_8)
FNDA:1,(anonymous_9)
FNDA:2,(anonymous_10)
FNDA:0,(anonymous_11)
FNDA:0,(anonymous_12)
DA:1,6
DA:2,6
DA:3,6
DA:4,6
DA:5,6
DA:6,6
DA:12,6
DA:14,6
DA:15,5
DA:16,5
DA:19,6
DA:20,0
DA:29,0
DA:32,6
DA:33,0
DA:34,0
DA:37,6
DA:38,0
DA:39,0
DA:42,6
DA:43,0
DA:44,0
DA:47,6
DA:48,0
DA:50,0
DA:52,0
DA:55,6
DA:56,1
DA:57,0
DA:59,0
DA:60,0
DA:66,0
DA:69,0
DA:72,6
DA:73,1
DA:74,1
DA:76,1
DA:77,1
DA:85,0
DA:86,0
DA:95,0
DA:103,0
DA:110,0
DA:113,6
DA:114,1
DA:115,1
DA:118,6
DA:119,1
DA:120,0
DA:122,1
DA:123,1
DA:125,1
DA:130,1
DA:132,1
DA:135,6
DA:136,2
DA:137,0
DA:140,2
DA:141,2
DA:142,2
DA:143,2
DA:145,2
DA:146,2
DA:147,2
DA:149,2
DA:153,6
DA:154,0
DA:155,0
DA:157,0
DA:158,0
DA:161,0
DA:162,0
DA:165,6
DA:166,0
DA:167,0
DA:168,0
DA:169,0
DA:172,0
DA:173,0
DA:179,0
DA:182,6
LF:81
LH:45
BRDA:59,0,0,0
BRDA:59,0,1,0
BRDA:76,1,0,1
BRDA:76,1,1,0
BRDA:85,2,0,0
BRDA:85,2,1,0
BRDA:119,3,0,0
BRDA:119,3,1,1
BRDA:136,4,0,0
BRDA:136,4,1,2
BRDA:157,5,0,0
BRDA:157,5,1,0
BRDA:168,6,0,0
BRDA:168,6,1,0
BRF:14
BRH:3
end_of_record
TN:
SF:/home/mika/coding/Beast.Mode/Beast.backend/models/DoneWorkout.js
FNF:0
FNH:0
DA:1,6
DA:3,6
DA:21,6
LF:3
LH:3
BRF:0
BRH:0
end_of_record
TN:
SF:/home/mika/coding/Beast.Mode/Beast.backend/models/Post.js
FNF:0
FNH:0
DA:1,6
DA:3,6
DA:19,6
LF:3
LH:3
BRF:0
BRH:0
end_of_record
TN:
SF:/home/mika/coding/Beast.Mode/Beast.backend/models/User.js
FN:23,(anonymous_0)
FNF:1
FNH:1
FNDA:37,(anonymous_0)
DA:1,6
DA:4,6
DA:22,6
DA:24,37
DA:26,37
DA:27,37
DA:28,37
DA:32,6
DA:34,6
LF:9
LH:9
BRF:0
BRH:0
end_of_record
TN:
SF:/home/mika/coding/Beast.Mode/Beast.backend/models/Workout.js
FNF:0
FNH:0
DA:1,6
DA:3,6
DA:19,6
LF:3
LH:3
BRF:0
BRH:0
end_of_record
TN:
SF:/home/mika/coding/Beast.Mode/Beast.backend/util/activity.js
FN:3,(anonymous_0)
FNF:1
FNH:1
FNDA:6,(anonymous_0)
DA:1,6
DA:3,6
DA:4,6
DA:5,6
DA:7,6
DA:9,2
DA:13,2
DA:15,2
DA:19,2
DA:21,2
DA:25,1
DA:27,0
DA:31,0
DA:33,0
DA:37,0
DA:39,0
DA:43,0
DA:45,0
DA:49,0
DA:51,0
DA:55,0
DA:57,0
DA:61,0
DA:63,0
DA:67,0
DA:69,0
DA:71,5
DA:73,5
DA:78,5
DA:80,5
DA:83,6
LF:31
LH:16
BRDA:7,0,0,2
BRDA:7,0,1,2
BRDA:7,0,2,2
BRDA:7,0,3,0
BRDA:7,0,4,0
BRDA:7,0,5,0
BRDA:7,0,6,0
BRDA:7,0,7,0
BRDA:7,0,8,0
BRDA:7,0,9,0
BRDA:7,0,10,0
BRF:11
BRH:3
end_of_record
TN:
SF:/home/mika/coding/Beast.Mode/Beast.backend/util/config.js
FNF:0
FNH:0
DA:1,6
DA:2,6
DA:4,6
DA:5,6
DA:7,6
DA:11,6
DA:12,6
DA:13,6
DA:15,6
LF:9
LH:9
BRDA:11,0,0,0
BRDA:11,0,1,6
BRDA:12,1,0,6
BRDA:12,1,1,0
BRF:4
BRH:2
end_of_record
TN:
SF:/home/mika/coding/Beast.Mode/Beast.backend/util/dates.js
FN:5,(anonymous_0)
FN:10,(anonymous_1)
FN:20,(anonymous_2)
FN:25,(anonymous_3)
FN:36,(anonymous_4)
FNF:5
FNH:3
FNDA:5,(anonymous_0)
FNDA:3,(anonymous_1)
FNDA:0,(anonymous_2)
FNDA:4,(anonymous_3)
FNDA:0,(anonymous_4)
DA:1,6
DA:3,6
DA:5,6
DA:6,5
DA:7,5
DA:10,6
DA:11,3
DA:12,3
DA:13,3
DA:14,3
DA:15,3
DA:17,3
DA:20,6
DA:21,0
DA:22,0
DA:25,6
DA:26,4
DA:27,4
DA:28,4
DA:29,4
DA:30,4
DA:32,4
DA:36,6
DA:37,0
DA:38,0
DA:40,0
DA:43,6
LF:27
LH:22
BRDA:7,0,0,0
BRDA:7,0,1,5
BRDA:12,1,0,1
BRDA:12,1,1,2
BRF:4
BRH:3
end_of_record
TN:
SF:/home/mika/coding/Beast.Mode/Beast.backend/util/imageupload.js
FNF:0
FNH:0
DA:1,6
DA:2,6
DA:3,6
DA:5,6
DA:11,6
DA:17,6
DA:19,6
LF:7
LH:7
BRDA:13,0,0,0
BRDA:13,0,1,6
BRF:2
BRH:1
end_of_record
TN:
SF:/home/mika/coding/Beast.Mode/Beast.backend/util/middleware.js
FN:1,(anonymous_0)
FN:12,(anonymous_1)
FNF:2
FNH:2
FNDA:63,(anonymous_0)
FNDA:15,(anonymous_1)
DA:1,6
DA:2,63
DA:3,63
DA:4,25
DA:6,38
DA:9,63
DA:12,6
DA:13,15
DA:15,15
DA:16,1
DA:18,14
DA:19,3
DA:21,11
DA:22,0
DA:24,11
DA:25,0
DA:28,11
DA:31,0
DA:34,6
LF:19
LH:16
BRDA:3,0,0,25
BRDA:3,0,1,38
BRDA:3,1,0,63
BRDA:3,1,1,31
BRDA:15,2,0,1
BRDA:15,2,1,14
BRDA:18,3,0,3
BRDA:18,3,1,11
BRDA:21,4,0,0
BRDA:21,4,1,11
BRDA:24,5,0,0
BRDA:24,5,1,11
BRF:12
BRH:10
end_of_record
TN:
SF:/home/mika/coding/Beast.Mode/Beast.backend/util/oldest.js
FN:11,(anonymous_0)
FN:22,(anonymous_1)
FN:23,(anonymous_2)
FN:24,(anonymous_3)
FN:26,(anonymous_4)
FNF:5
FNH:4
FNDA:6,(anonymous_0)
FNDA:4,(anonymous_1)
FNDA:4,(anonymous_2)
FNDA:2,(anonymous_3)
FNDA:0,(anonymous_4)
DA:1,6
DA:2,6
DA:3,6
DA:4,6
DA:5,6
DA:7,6
DA:8,6
DA:9,6
DA:11,6
DA:12,6
DA:13,6
DA:14,6
DA:15,6
DA:17,6
DA:18,6
DA:19,6
DA:22,6
DA:23,6
DA:24,6
DA:26,6
DA:27,0
DA:28,0
DA:29,0
DA:31,0
DA:33,0
DA:36,0
DA:38,0
DA:41,0
DA:44,6
LF:29
LH:21
BRDA:17,0,0,6
BRDA:17,0,1,0
BRDA:18,1,0,6
BRDA:18,1,1,0
BRDA:19,2,0,6
BRDA:19,2,1,0
BRDA:31,3,0,0
BRDA:31,3,1,0
BRDA:31,4,0,0
BRDA:31,4,1,0
BRDA:36,5,0,0
BRDA:36,5,1,0
BRDA:36,6,0,0
BRDA:36,6,1,0
BRF:14
BRH:3
end_of_record
TN:
SF:/home/mika/coding/Beast.Mode/Beast.backend/util/testhelper.js
FN:5,(anonymous_0)
FN:7,(anonymous_1)
FNF:2
FNH:2
FNDA:6,(anonymous_0)
FNDA:6,(anonymous_1)
DA:1,6
DA:2,6
DA:3,6
DA:5,6
DA:7,6
DA:8,6
DA:9,6
DA:26,6
DA:27,4
DA:30,6
LF:10
LH:10
BRF:0
BRH:0
end_of_record
TN:
SF:/home/mika/coding/Beast.Mode/Beast.backend/util/userUpdater.js
FN:5,(anonymous_0)
FN:20,(anonymous_1)
FN:35,(anonymous_2)
FN:50,(anonymous_3)
FN:65,(anonymous_4)
FNF:5
FNH:4
FNDA:0,(anonymous_0)
FNDA:2,(anonymous_1)
FNDA:2,(anonymous_2)
FNDA:2,(anonymous_3)
FNDA:5,(anonymous_4)
DA:1,6
DA:2,6
DA:3,6
DA:5,6
DA:6,0
DA:7,0
DA:9,0
DA:11,0
DA:16,0
DA:17,0
DA:20,6
DA:21,2
DA:22,2
DA:24,2
DA:26,2
DA:31,2
DA:32,2
DA:35,6
DA:36,2
DA:37,2
DA:39,2
DA:41,2
DA:46,2
DA:47,2
DA:50,6
DA:51,2
DA:52,2
DA:54,1
DA:56,1
DA:61,1
DA:62,1
DA:65,6
DA:66,5
DA:67,5
DA:68,5
DA:70,5
DA:71,0
DA:72,0
DA:73,0
DA:74,0
DA:75,0
DA:76,0
DA:80,6
LF:43
LH:31
BRDA:7,0,0,0
BRDA:7,0,1,0
BRDA:22,1,0,0
BRDA:22,1,1,2
BRDA:37,2,0,0
BRDA:37,2,1,2
BRDA:52,3,0,1
BRDA:52,3,1,1
BRDA:70,4,0,5
BRDA:70,4,1,0
BRDA:71,5,0,0
BRDA:71,5,1,0
BRDA:71,6,0,0
BRDA:71,6,1,0
BRDA:72,7,0,0
BRDA:72,7,1,0
BRDA:72,8,0,0
BRDA:72,8,1,0
BRDA:73,9,0,0
BRDA:73,9,1,0
BRDA:73,10,0,0
BRDA:73,10,1,0
BRDA:74,11,0,0
BRDA:74,11,1,0
BRDA:74,12,0,0
BRDA:74,12,1,0
BRDA:75,13,0,0
BRDA:75,13,1,0
BRDA:75,14,0,0
BRDA:75,14,1,0
BRDA:76,15,0,0
BRDA:76,15,1,0
BRF:32
BRH:5
end_of_record
